>>>>>>>>>>>>>>>> [['void', 'ns3::Ptr<ns3::Socket>', 'ns3::empty', 'ns3::empty', 'ns3::empty', 'ns3::empty', 'ns3::empty', 'ns3::empty', 'ns3::empty', 'ns3::empty'], ['void', 'ns3::Ptr<ns3::Socket>', 'unsigned int', 'ns3::empty', 'ns3::empty', 'ns3::empty', 'ns3::empty', 'ns3::empty', 'ns3::empty', 'ns3::empty'], ['void', 'ns3::Ptr<ns3::Socket>', 'ns3::Address const&', 'ns3::empty', 'ns3::empty', 'ns3::empty', 'ns3::empty', 'ns3::empty', 'ns3::empty', 'ns3::empty'], ['bool', 'ns3::Ptr<ns3::Socket>', 'ns3::Address const&', 'ns3::empty', 'ns3::empty', 'ns3::empty', 'ns3::empty', 'ns3::empty', 'ns3::empty', 'ns3::empty'], ['void', 'ns3::Ptr<ns3::NetDevice>', 'ns3::Ptr<ns3::Packet const>', 'unsigned short', 'ns3::Address const&', 'ns3::Address const&', 'ns3::NetDevice::PacketType', 'ns3::empty', 'ns3::empty', 'ns3::empty']]
***** registering callback handler: 'ns3::Callback< void, ns3::Ptr< ns3::Socket >, ns3::empty, ns3::empty, ns3::empty, ns3::empty, ns3::empty, ns3::empty, ns3::empty, ns3::empty >'
***** registering callback handler: 'ns3::Callback< void, ns3::Ptr< ns3::Socket >, unsigned int, ns3::empty, ns3::empty, ns3::empty, ns3::empty, ns3::empty, ns3::empty, ns3::empty >'
***** registering callback handler: 'ns3::Callback< void, ns3::Ptr< ns3::Socket >, ns3::Address const &, ns3::empty, ns3::empty, ns3::empty, ns3::empty, ns3::empty, ns3::empty, ns3::empty >'
***** registering callback handler: 'ns3::Callback< bool, ns3::Ptr< ns3::Socket >, ns3::Address const &, ns3::empty, ns3::empty, ns3::empty, ns3::empty, ns3::empty, ns3::empty, ns3::empty >'
***** registering callback handler: 'ns3::Callback< void, ns3::Ptr< ns3::NetDevice >, ns3::Ptr< ns3::Packet const >, unsigned short, ns3::Address const &, ns3::Address const &, ns3::NetDevice::PacketType, ns3::empty, ns3::empty, ns3::empty >'
/home/thomas/ns-allinone-3.16/ns-3.16/src/visualizer/bindings/modulegen__gcc_LP64.py:493: Warning: exception TypeConfigurationError('direction not given',) in wrapper <pybindgen.cppmethod.CppConstructor object at 0x2c5f750>
  cls.add_constructor([param('uint8_t', 'type'), param('uint8_t const *', 'buffer'), param('uint8_t', 'len')])
/home/thomas/ns-allinone-3.16/ns-3.16/src/visualizer/bindings/modulegen__gcc_LP64.py:504: Warning: exception TypeConfigurationError('direction not given',) in wrapper public: retval? ???::CopyAllFrom (params?);
  [param('uint8_t const *', 'buffer'), param('uint8_t', 'len')])
/home/thomas/ns-allinone-3.16/ns-3.16/src/visualizer/bindings/modulegen__gcc_LP64.py:509: Warning: exception TypeConfigurationError('direction not given',) in wrapper public: retval? ???::CopyAllTo (params?) const;
  is_const=True)
/home/thomas/ns-allinone-3.16/ns-3.16/src/visualizer/bindings/modulegen__gcc_LP64.py:513: Warning: exception TypeConfigurationError('direction not given',) in wrapper public: retval? ???::CopyFrom (params?);
  [param('uint8_t const *', 'buffer'), param('uint8_t', 'len')])
/home/thomas/ns-allinone-3.16/ns-3.16/src/visualizer/bindings/modulegen__gcc_LP64.py:518: Warning: exception TypeConfigurationError('direction not given',) in wrapper public: retval? ???::CopyTo (params?) const;
  is_const=True)
/home/thomas/ns-allinone-3.16/ns-3.16/src/visualizer/bindings/modulegen__gcc_LP64.py:568: Warning: exception TypeLookupError(['std::_List_const_iterator< ns3::AttributeConstructionList::Item >'],) in wrapper public: retval? ???::Begin (params?) const;
  is_const=True)
/home/thomas/ns-allinone-3.16/ns-3.16/src/visualizer/bindings/modulegen__gcc_LP64.py:573: Warning: exception TypeLookupError(['std::_List_const_iterator< ns3::AttributeConstructionList::Item >'],) in wrapper public: retval? ???::End (params?) const;
  is_const=True)
/home/thomas/ns-allinone-3.16/ns-3.16/src/visualizer/bindings/modulegen__gcc_LP64.py:624: Warning: exception TypeLookupError(['std::ostream *'],) in wrapper public: retval? ???::CopyData (params?) const;
  is_const=True)
/home/thomas/ns-allinone-3.16/ns-3.16/src/visualizer/bindings/modulegen__gcc_LP64.py:629: Warning: exception TypeConfigurationError('direction not given',) in wrapper public: retval? ???::CopyData (params?) const;
  is_const=True)
/home/thomas/ns-allinone-3.16/ns-3.16/src/visualizer/bindings/modulegen__gcc_LP64.py:643: Warning: exception TypeConfigurationError('direction not given',) in wrapper public: retval? ???::Deserialize (params?);
  [param('uint8_t const *', 'buffer'), param('uint32_t', 'size')])
/home/thomas/ns-allinone-3.16/ns-3.16/src/visualizer/bindings/modulegen__gcc_LP64.py:673: Warning: exception TypeLookupError(['uint8_t *'],) in wrapper public: retval? ???::PeekData (params?) const;
  is_const=True)
/home/thomas/ns-allinone-3.16/ns-3.16/src/visualizer/bindings/modulegen__gcc_LP64.py:686: Warning: exception TypeConfigurationError('direction not given',) in wrapper public: retval? ???::Serialize (params?) const;
  is_const=True)
/home/thomas/ns-allinone-3.16/ns-3.16/src/visualizer/bindings/modulegen__gcc_LP64.py:741: Warning: exception TypeConfigurationError('direction not given',) in wrapper public: retval? ???::Read (params?);
  [param('uint8_t *', 'buffer'), param('uint32_t', 'size')])
/home/thomas/ns-allinone-3.16/ns-3.16/src/visualizer/bindings/modulegen__gcc_LP64.py:785: Warning: exception TypeConfigurationError('direction not given',) in wrapper public: retval? ???::Write (params?);
  [param('uint8_t const *', 'buffer'), param('uint32_t', 'size')])
/home/thomas/ns-allinone-3.16/ns-3.16/src/visualizer/bindings/modulegen__gcc_LP64.py:971: Warning: exception TypeLookupError(['ns3::Ptr< ns3::EventImpl > &'],) in wrapper <pybindgen.cppmethod.CppConstructor object at 0x24f19d0>
  cls.add_constructor([param('ns3::Ptr< ns3::EventImpl > const &', 'impl'), param('uint64_t', 'ts'), param('uint32_t', 'context'), param('uint32_t', 'uid')])
/home/thomas/ns-allinone-3.16/ns-3.16/src/visualizer/bindings/modulegen__gcc_LP64.py:1005: Warning: exception TypeConfigurationError('Either caller_owns_return or self.reference_existing_object must be given',) in wrapper public: retval? ???::PeekEventImpl (params?) const;
  is_const=True)
/home/thomas/ns-allinone-3.16/ns-3.16/src/visualizer/bindings/modulegen__gcc_LP64.py:1170: Warning: exception TypeConfigurationError('direction not given',) in wrapper public: retval? ???::Deserialize (params?);
  is_static=True)
/home/thomas/ns-allinone-3.16/ns-3.16/src/visualizer/bindings/modulegen__gcc_LP64.py:1235: Warning: exception TypeLookupError(['std::ostream &'],) in wrapper public: retval? ???::Print (params?) const;
  is_const=True)
/home/thomas/ns-allinone-3.16/ns-3.16/src/visualizer/bindings/modulegen__gcc_LP64.py:1240: Warning: exception TypeConfigurationError('direction not given',) in wrapper public: retval? ???::Serialize (params?) const;
  is_const=True)
/home/thomas/ns-allinone-3.16/ns-3.16/src/visualizer/bindings/modulegen__gcc_LP64.py:1368: Warning: exception TypeLookupError(['std::ostream &'],) in wrapper public: retval? ???::Print (params?) const;
  is_const=True)
/home/thomas/ns-allinone-3.16/ns-3.16/src/visualizer/bindings/modulegen__gcc_LP64.py:1385: Warning: exception TypeConfigurationError('direction not given',) in wrapper <pybindgen.cppmethod.CppConstructor object at 0x2625c10>
  cls.add_constructor([param('uint8_t *', 'address')])
/home/thomas/ns-allinone-3.16/ns-3.16/src/visualizer/bindings/modulegen__gcc_LP64.py:1403: Warning: exception TypeConfigurationError('direction not given',) in wrapper public: retval? ???::Deserialize (params?);
  is_static=True)
/home/thomas/ns-allinone-3.16/ns-3.16/src/visualizer/bindings/modulegen__gcc_LP64.py:1428: Warning: exception TypeConfigurationError('direction not given',) in wrapper public: retval? ???::GetBytes (params?) const;
  is_const=True)
/home/thomas/ns-allinone-3.16/ns-3.16/src/visualizer/bindings/modulegen__gcc_LP64.py:1532: Warning: exception TypeLookupError(['std::ostream &'],) in wrapper public: retval? ???::Print (params?) const;
  is_const=True)
/home/thomas/ns-allinone-3.16/ns-3.16/src/visualizer/bindings/modulegen__gcc_LP64.py:1537: Warning: exception TypeConfigurationError('direction not given',) in wrapper public: retval? ???::Serialize (params?) const;
  is_const=True)
/home/thomas/ns-allinone-3.16/ns-3.16/src/visualizer/bindings/modulegen__gcc_LP64.py:1545: Warning: exception TypeConfigurationError('direction not given',) in wrapper public: retval? ???::Set (params?);
  [param('uint8_t *', 'address')])
/home/thomas/ns-allinone-3.16/ns-3.16/src/visualizer/bindings/modulegen__gcc_LP64.py:1610: Warning: exception TypeConfigurationError('direction not given',) in wrapper <pybindgen.cppmethod.CppConstructor object at 0x2724450>
  cls.add_constructor([param('uint8_t *', 'prefix')])
/home/thomas/ns-allinone-3.16/ns-3.16/src/visualizer/bindings/modulegen__gcc_LP64.py:1623: Warning: exception TypeConfigurationError('direction not given',) in wrapper public: retval? ???::GetBytes (params?) const;
  is_const=True)
/home/thomas/ns-allinone-3.16/ns-3.16/src/visualizer/bindings/modulegen__gcc_LP64.py:1658: Warning: exception TypeLookupError(['std::ostream &'],) in wrapper public: retval? ???::Print (params?) const;
  is_const=True)
/home/thomas/ns-allinone-3.16/ns-3.16/src/visualizer/bindings/modulegen__gcc_LP64.py:1685: Warning: exception TypeConfigurationError('direction not given',) in wrapper public: retval? ???::CopyFrom (params?);
  [param('uint8_t const *', 'buffer')])
/home/thomas/ns-allinone-3.16/ns-3.16/src/visualizer/bindings/modulegen__gcc_LP64.py:1690: Warning: exception TypeConfigurationError('direction not given',) in wrapper public: retval? ???::CopyTo (params?) const;
  is_const=True)
/home/thomas/ns-allinone-3.16/ns-3.16/src/visualizer/bindings/modulegen__gcc_LP64.py:1803: Warning: exception TypeConfigurationError('Missing transfer_ownership option',) in wrapper public: retval? ???::Delete (params?);
  is_static=True)
/home/thomas/ns-allinone-3.16/ns-3.16/src/visualizer/bindings/modulegen__gcc_LP64.py:1876: Warning: exception TypeConfigurationError('direction not given',) in wrapper public: retval? ???::Deserialize (params?);
  [param('uint8_t const *', 'buffer'), param('uint32_t', 'size')])
/home/thomas/ns-allinone-3.16/ns-3.16/src/visualizer/bindings/modulegen__gcc_LP64.py:1917: Warning: exception TypeConfigurationError('direction not given',) in wrapper public: retval? ???::Serialize (params?) const;
  is_const=True)
bindings/python/ns3modulegen-modular.py:27: UserWarning: exception TypeLookupError(['uint8_t [ 20 ]'],) in wrapper None
  warnings.warn("exception %r in wrapper %s" % (exception, wrapper))
bindings/python/ns3modulegen-modular.py:27: UserWarning: exception TypeConfigurationError('Either caller_owns_return or self.reference_existing_object must be given',) in wrapper None
  warnings.warn("exception %r in wrapper %s" % (exception, wrapper))
/home/thomas/ns-allinone-3.16/ns-3.16/src/visualizer/bindings/modulegen__gcc_LP64.py:2247: Warning: exception TypeLookupError(['ns3::Ptr< ns3::SimulatorImpl >', 'ns3::SimulatorImpl *'],) in wrapper public: retval? ???::GetImplementation (params?);
  is_static=True)
/home/thomas/ns-allinone-3.16/ns-3.16/src/visualizer/bindings/modulegen__gcc_LP64.py:2282: Warning: exception TypeLookupError(['ns3::Ptr< ns3::SimulatorImpl >', 'ns3::SimulatorImpl *'],) in wrapper public: retval? ???::SetImplementation (params?);
  is_static=True)
/home/thomas/ns-allinone-3.16/ns-3.16/src/visualizer/bindings/modulegen__gcc_LP64.py:2324: Warning: exception TypeLookupError(['std::ostream &'],) in wrapper public: virtual retval? ???::Print (params?) const = 0;
  is_pure_virtual=True, is_const=True, is_virtual=True)
/home/thomas/ns-allinone-3.16/ns-3.16/src/visualizer/bindings/modulegen__gcc_LP64.py:2336: Warning: exception TypeConfigurationError('direction not given',) in wrapper <pybindgen.cppmethod.CppConstructor object at 0x3057310>
  cls.add_constructor([param('uint8_t *', 'start'), param('uint8_t *', 'end')])
/home/thomas/ns-allinone-3.16/ns-3.16/src/visualizer/bindings/modulegen__gcc_LP64.py:2344: Warning: exception TypeConfigurationError('direction not given',) in wrapper public: retval? ???::Read (params?);
  [param('uint8_t *', 'buffer'), param('uint32_t', 'size')])
/home/thomas/ns-allinone-3.16/ns-3.16/src/visualizer/bindings/modulegen__gcc_LP64.py:2372: Warning: exception TypeConfigurationError('direction not given',) in wrapper public: retval? ???::Write (params?);
  [param('uint8_t const *', 'buffer'), param('uint32_t', 'size')])
/home/thomas/ns-allinone-3.16/ns-3.16/src/visualizer/bindings/modulegen__gcc_LP64.py:2521: Warning: exception TypeLookupError(['ns3::Callback< ns3::ObjectBase *, ns3::empty, ns3::empty, ns3::empty, ns3::empty, ns3::empty, ns3::empty, ns3::empty, ns3::empty, ns3::empty >'],) in wrapper public: retval? ???::GetConstructor (params?) const;
  is_const=True)
bindings/python/ns3modulegen-modular.py:27: UserWarning: exception TypeLookupError(['short unsigned int'],) in wrapper None
  warnings.warn("exception %r in wrapper %s" % (exception, wrapper))
/home/thomas/ns-allinone-3.16/ns-3.16/src/visualizer/bindings/modulegen__gcc_LP64.py:2786: Warning: exception TypeLookupError(['std::ostream &'],) in wrapper public: virtual retval? ???::Print (params?) const = 0;
  is_pure_virtual=True, is_const=True, is_virtual=True)
/home/thomas/ns-allinone-3.16/ns-3.16/src/visualizer/bindings/modulegen__gcc_LP64.py:2814: Warning: exception TypeLookupError(['std::ostream &'],) in wrapper public: virtual retval? ???::Print (params?) const = 0;
  is_pure_virtual=True, is_const=True, is_virtual=True)
/home/thomas/ns-allinone-3.16/ns-3.16/src/visualizer/bindings/modulegen__gcc_LP64.py:2930: Warning: exception TypeLookupError(['std::ostream &'],) in wrapper public: virtual retval? ???::Print (params?) const;
  is_const=True, is_virtual=True)
/home/thomas/ns-allinone-3.16/ns-3.16/src/visualizer/bindings/modulegen__gcc_LP64.py:3058: Warning: exception TypeLookupError(['std::ostream &'],) in wrapper public: virtual retval? ???::Print (params?) const;
  is_const=True, is_virtual=True)
/home/thomas/ns-allinone-3.16/ns-3.16/src/visualizer/bindings/modulegen__gcc_LP64.py:3438: Warning: exception TypeConfigurationError('direction not given',) in wrapper public: retval? ???::Recv (params?);
  [param('uint8_t *', 'buf'), param('uint32_t', 'size'), param('uint32_t', 'flags')])
/home/thomas/ns-allinone-3.16/ns-3.16/src/visualizer/bindings/modulegen__gcc_LP64.py:3451: Warning: exception TypeConfigurationError('direction not given',) in wrapper public: retval? ???::RecvFrom (params?);
  [param('uint8_t *', 'buf'), param('uint32_t', 'size'), param('uint32_t', 'flags'), param('ns3::Address &', 'fromAddress')])
/home/thomas/ns-allinone-3.16/ns-3.16/src/visualizer/bindings/modulegen__gcc_LP64.py:3464: Warning: exception TypeConfigurationError('direction not given',) in wrapper public: retval? ???::Send (params?);
  [param('uint8_t const *', 'buf'), param('uint32_t', 'size'), param('uint32_t', 'flags')])
/home/thomas/ns-allinone-3.16/ns-3.16/src/visualizer/bindings/modulegen__gcc_LP64.py:3473: Warning: exception TypeConfigurationError('direction not given',) in wrapper public: retval? ???::SendTo (params?);
  [param('uint8_t const *', 'buf'), param('uint32_t', 'size'), param('uint32_t', 'flags'), param('ns3::Address const &', 'address')])
/home/thomas/ns-allinone-3.16/ns-3.16/src/visualizer/bindings/modulegen__gcc_LP64.py:3657: Warning: exception TypeLookupError(['std::ostream &'],) in wrapper public: virtual retval? ???::Print (params?) const;
  is_const=True, is_virtual=True)
/home/thomas/ns-allinone-3.16/ns-3.16/src/visualizer/bindings/modulegen__gcc_LP64.py:3703: Warning: exception TypeLookupError(['std::ostream &'],) in wrapper public: virtual retval? ???::Print (params?) const;
  is_const=True, is_virtual=True)
/home/thomas/ns-allinone-3.16/ns-3.16/src/visualizer/bindings/modulegen__gcc_LP64.py:3749: Warning: exception TypeLookupError(['std::ostream &'],) in wrapper public: virtual retval? ???::Print (params?) const;
  is_const=True, is_virtual=True)
/home/thomas/ns-allinone-3.16/ns-3.16/src/visualizer/bindings/modulegen__gcc_LP64.py:3795: Warning: exception TypeLookupError(['std::ostream &'],) in wrapper public: virtual retval? ???::Print (params?) const;
  is_const=True, is_virtual=True)
/home/thomas/ns-allinone-3.16/ns-3.16/src/visualizer/bindings/modulegen__gcc_LP64.py:3841: Warning: exception TypeLookupError(['std::ostream &'],) in wrapper public: virtual retval? ???::Print (params?) const;
  is_const=True, is_virtual=True)
/home/thomas/ns-allinone-3.16/ns-3.16/src/visualizer/bindings/modulegen__gcc_LP64.py:3895: Warning: exception TypeLookupError(['std::ostream &'],) in wrapper public: virtual retval? ???::Print (params?) const;
  is_const=True, is_virtual=True)
/home/thomas/ns-allinone-3.16/ns-3.16/src/visualizer/bindings/modulegen__gcc_LP64.py:4116: Warning: exception TypeLookupError(['std::ostream &'],) in wrapper public: virtual retval? ???::Print (params?) const = 0;
  is_pure_virtual=True, is_const=True, is_virtual=True)
/home/thomas/ns-allinone-3.16/ns-3.16/src/visualizer/bindings/modulegen__gcc_LP64.py:4344: Warning: exception TypeLookupError(['ns3::Callback< void, ns3::Ptr< ns3::Packet >, ns3::Ipv4Address, ns3::Ipv4Address, unsigned char, ns3::Ptr< ns3::Ipv4Route >, ns3::empty, ns3::empty, ns3::empty, ns3::empty >'],) in wrapper public: virtual retval? ???::GetDownTarget (params?) const = 0;
  is_pure_virtual=True, is_const=True, is_virtual=True)
/home/thomas/ns-allinone-3.16/ns-3.16/src/visualizer/bindings/modulegen__gcc_LP64.py:4349: Warning: exception TypeLookupError(['ns3::Callback< void, ns3::Ptr< ns3::Packet >, ns3::Ipv6Address, ns3::Ipv6Address, unsigned char, ns3::Ptr< ns3::Ipv6Route >, ns3::empty, ns3::empty, ns3::empty, ns3::empty >'],) in wrapper public: virtual retval? ???::GetDownTarget6 (params?) const = 0;
  is_pure_virtual=True, is_const=True, is_virtual=True)
/home/thomas/ns-allinone-3.16/ns-3.16/src/visualizer/bindings/modulegen__gcc_LP64.py:4364: Warning: exception TypeLookupError(['ns3::Ptr< ns3::Ipv4Interface >', 'ns3::Ipv4Interface *'],) in wrapper public: virtual retval? ???::Receive (params?) = 0;
  is_pure_virtual=True, is_virtual=True)
/home/thomas/ns-allinone-3.16/ns-3.16/src/visualizer/bindings/modulegen__gcc_LP64.py:4374: Warning: exception TypeConfigurationError('direction not given',) in wrapper public: virtual retval? ???::ReceiveIcmp (params?);
  is_virtual=True)
/home/thomas/ns-allinone-3.16/ns-3.16/src/visualizer/bindings/modulegen__gcc_LP64.py:4379: Warning: exception TypeConfigurationError('direction not given',) in wrapper public: virtual retval? ???::ReceiveIcmp (params?);
  is_virtual=True)
/home/thomas/ns-allinone-3.16/ns-3.16/src/visualizer/bindings/modulegen__gcc_LP64.py:4384: Warning: exception TypeLookupError(['ns3::Callback< void, ns3::Ptr< ns3::Packet >, ns3::Ipv4Address, ns3::Ipv4Address, unsigned char, ns3::Ptr< ns3::Ipv4Route >, ns3::empty, ns3::empty, ns3::empty, ns3::empty >'],) in wrapper public: virtual retval? ???::SetDownTarget (params?) = 0;
  is_pure_virtual=True, is_virtual=True)
/home/thomas/ns-allinone-3.16/ns-3.16/src/visualizer/bindings/modulegen__gcc_LP64.py:4389: Warning: exception TypeLookupError(['ns3::Callback< void, ns3::Ptr< ns3::Packet >, ns3::Ipv6Address, ns3::Ipv6Address, unsigned char, ns3::Ptr< ns3::Ipv6Route >, ns3::empty, ns3::empty, ns3::empty, ns3::empty >'],) in wrapper public: virtual retval? ???::SetDownTarget6 (params?) = 0;
  is_pure_virtual=True, is_virtual=True)
/home/thomas/ns-allinone-3.16/ns-3.16/src/visualizer/bindings/modulegen__gcc_LP64.py:4638: Warning: exception TypeLookupError(['ns3::Ptr< ns3::Ipv4Interface >', 'ns3::Ipv4Interface *'],) in wrapper public: retval? ???::GetInterface (params?) const;
  is_const=True)
/home/thomas/ns-allinone-3.16/ns-3.16/src/visualizer/bindings/modulegen__gcc_LP64.py:4984: Warning: exception TypeLookupError(['ns3::Callback< void, ns3::Ptr< ns3::Ipv4Route >, ns3::Ptr< ns3::Packet const >, ns3::Ipv4Header const &, ns3::empty, ns3::empty, ns3::empty, ns3::empty, ns3::empty, ns3::empty >'],) in wrapper public: virtual retval? ???::RouteInput (params?) = 0;
  is_pure_virtual=True, is_virtual=True)
/home/thomas/ns-allinone-3.16/ns-3.16/src/visualizer/bindings/modulegen__gcc_LP64.py:5267: Warning: exception TypeLookupError(['ns3::Callback< void, ns3::empty, ns3::empty, ns3::empty, ns3::empty, ns3::empty, ns3::empty, ns3::empty, ns3::empty, ns3::empty >'],) in wrapper public: virtual retval? ???::AddLinkChangeCallback (params?) = 0;
  is_pure_virtual=True, is_virtual=True)
/home/thomas/ns-allinone-3.16/ns-3.16/src/visualizer/bindings/modulegen__gcc_LP64.py:5377: Warning: exception TypeLookupError(['ns3::Callback< bool, ns3::Ptr< ns3::NetDevice >, ns3::Ptr< ns3::Packet const >, short unsigned int, ns3::Address const &, ns3::Address const &, ns3::NetDevice::PacketType, ns3::empty, ns3::empty, ns3::empty >'],) in wrapper public: virtual retval? ???::SetPromiscReceiveCallback (params?) = 0;
  is_pure_virtual=True, is_virtual=True)
/home/thomas/ns-allinone-3.16/ns-3.16/src/visualizer/bindings/modulegen__gcc_LP64.py:5382: Warning: exception TypeLookupError(['ns3::Callback< bool, ns3::Ptr< ns3::NetDevice >, ns3::Ptr< ns3::Packet const >, short unsigned int, ns3::Address const &, ns3::empty, ns3::empty, ns3::empty, ns3::empty, ns3::empty >'],) in wrapper public: virtual retval? ???::SetReceiveCallback (params?) = 0;
  is_pure_virtual=True, is_virtual=True)
/home/thomas/ns-allinone-3.16/ns-3.16/src/visualizer/bindings/modulegen__gcc_LP64.py:5444: Warning: exception TypeLookupError(['ns3::Ptr< ns3::Application >', 'ns3::Application *'],) in wrapper public: retval? ???::AddApplication (params?);
  [param('ns3::Ptr< ns3::Application >', 'application')])
/home/thomas/ns-allinone-3.16/ns-3.16/src/visualizer/bindings/modulegen__gcc_LP64.py:5458: Warning: exception TypeLookupError(['ns3::Ptr< ns3::Application >', 'ns3::Application *'],) in wrapper public: retval? ???::GetApplication (params?) const;
  is_const=True)
/home/thomas/ns-allinone-3.16/ns-3.16/src/visualizer/bindings/modulegen__gcc_LP64.py:5492: Warning: exception TypeLookupError(['ns3::Callback< void, ns3::Ptr< ns3::NetDevice >, ns3::empty, ns3::empty, ns3::empty, ns3::empty, ns3::empty, ns3::empty, ns3::empty, ns3::empty >'],) in wrapper public: retval? ???::RegisterDeviceAdditionListener (params?);
  [param('ns3::Callback< void, ns3::Ptr< ns3::NetDevice >, ns3::empty, ns3::empty, ns3::empty, ns3::empty, ns3::empty, ns3::empty, ns3::empty, ns3::empty >', 'listener')])
/home/thomas/ns-allinone-3.16/ns-3.16/src/visualizer/bindings/modulegen__gcc_LP64.py:5500: Warning: exception TypeLookupError(['ns3::Callback< void, ns3::Ptr< ns3::NetDevice >, ns3::empty, ns3::empty, ns3::empty, ns3::empty, ns3::empty, ns3::empty, ns3::empty, ns3::empty >'],) in wrapper public: retval? ???::UnregisterDeviceAdditionListener (params?);
  [param('ns3::Callback< void, ns3::Ptr< ns3::NetDevice >, ns3::empty, ns3::empty, ns3::empty, ns3::empty, ns3::empty, ns3::empty, ns3::empty, ns3::empty >', 'listener')])
/home/thomas/ns-allinone-3.16/ns-3.16/src/visualizer/bindings/modulegen__gcc_LP64.py:5563: Warning: exception TypeLookupError(['std::ostream *'],) in wrapper <pybindgen.cppmethod.CppConstructor object at 0x3ed24d0>
  cls.add_constructor([param('std::ostream *', 'os')])
/home/thomas/ns-allinone-3.16/ns-3.16/src/visualizer/bindings/modulegen__gcc_LP64.py:5567: Warning: exception TypeLookupError(['std::ostream *'],) in wrapper public: retval? ???::GetStream (params?);
  [])
/home/thomas/ns-allinone-3.16/ns-3.16/src/visualizer/bindings/modulegen__gcc_LP64.py:5579: Warning: exception TypeConfigurationError('direction not given',) in wrapper <pybindgen.cppmethod.CppConstructor object at 0x3ed62d0>
  cls.add_constructor([param('uint8_t const *', 'buffer'), param('uint32_t', 'size'), param('bool', 'magic')])
/home/thomas/ns-allinone-3.16/ns-3.16/src/visualizer/bindings/modulegen__gcc_LP64.py:5581: Warning: exception TypeConfigurationError('direction not given',) in wrapper <pybindgen.cppmethod.CppConstructor object at 0x3ed6310>
  cls.add_constructor([param('uint8_t const *', 'buffer'), param('uint32_t', 'size')])
/home/thomas/ns-allinone-3.16/ns-3.16/src/visualizer/bindings/modulegen__gcc_LP64.py:5622: Warning: exception TypeConfigurationError('direction not given',) in wrapper public: retval? ???::CopyData (params?) const;
  is_const=True)
/home/thomas/ns-allinone-3.16/ns-3.16/src/visualizer/bindings/modulegen__gcc_LP64.py:5627: Warning: exception TypeLookupError(['std::ostream *'],) in wrapper public: retval? ???::CopyData (params?) const;
  is_const=True)
/home/thomas/ns-allinone-3.16/ns-3.16/src/visualizer/bindings/modulegen__gcc_LP64.py:5682: Warning: exception TypeLookupError(['uint8_t *'],) in wrapper public: retval? ???::PeekData (params?) const;
  deprecated=True, is_const=True)
/home/thomas/ns-allinone-3.16/ns-3.16/src/visualizer/bindings/modulegen__gcc_LP64.py:5701: Warning: exception TypeLookupError(['std::ostream &'],) in wrapper public: retval? ???::Print (params?) const;
  is_const=True)
/home/thomas/ns-allinone-3.16/ns-3.16/src/visualizer/bindings/modulegen__gcc_LP64.py:5706: Warning: exception TypeLookupError(['std::ostream &'],) in wrapper public: retval? ???::PrintByteTags (params?) const;
  is_const=True)
/home/thomas/ns-allinone-3.16/ns-3.16/src/visualizer/bindings/modulegen__gcc_LP64.py:5711: Warning: exception TypeLookupError(['std::ostream &'],) in wrapper public: retval? ???::PrintPacketTags (params?) const;
  is_const=True)
/home/thomas/ns-allinone-3.16/ns-3.16/src/visualizer/bindings/modulegen__gcc_LP64.py:5744: Warning: exception TypeConfigurationError('direction not given',) in wrapper public: retval? ???::Serialize (params?) const;
  is_const=True)
/home/thomas/ns-allinone-3.16/pybindgen-0.15.0.809/pybindgen/cppclass_typehandlers.py:1134: UserWarning: Returning shared pointers is dangerous!  The C++ API should be redesigned to avoid this situation.
  warnings.warn("Returning shared pointers is dangerous!"
