>>>>>>>>>>>>>>>> [['void', 'ns3::Ptr<ns3::Socket>', 'ns3::empty', 'ns3::empty', 'ns3::empty', 'ns3::empty', 'ns3::empty', 'ns3::empty', 'ns3::empty', 'ns3::empty'], ['void', 'ns3::Ptr<ns3::Socket>', 'unsigned int', 'ns3::empty', 'ns3::empty', 'ns3::empty', 'ns3::empty', 'ns3::empty', 'ns3::empty', 'ns3::empty'], ['void', 'ns3::Ptr<ns3::Socket>', 'ns3::Address const&', 'ns3::empty', 'ns3::empty', 'ns3::empty', 'ns3::empty', 'ns3::empty', 'ns3::empty', 'ns3::empty'], ['bool', 'ns3::Ptr<ns3::Socket>', 'ns3::Address const&', 'ns3::empty', 'ns3::empty', 'ns3::empty', 'ns3::empty', 'ns3::empty', 'ns3::empty', 'ns3::empty'], ['void', 'ns3::Ptr<ns3::NetDevice>', 'ns3::Ptr<ns3::Packet const>', 'unsigned short', 'ns3::Address const&', 'ns3::Address const&', 'ns3::NetDevice::PacketType', 'ns3::empty', 'ns3::empty', 'ns3::empty']]
***** registering callback handler: 'ns3::Callback< void, ns3::Ptr< ns3::Socket >, ns3::empty, ns3::empty, ns3::empty, ns3::empty, ns3::empty, ns3::empty, ns3::empty, ns3::empty >'
***** registering callback handler: 'ns3::Callback< void, ns3::Ptr< ns3::Socket >, unsigned int, ns3::empty, ns3::empty, ns3::empty, ns3::empty, ns3::empty, ns3::empty, ns3::empty >'
***** registering callback handler: 'ns3::Callback< void, ns3::Ptr< ns3::Socket >, ns3::Address const &, ns3::empty, ns3::empty, ns3::empty, ns3::empty, ns3::empty, ns3::empty, ns3::empty >'
***** registering callback handler: 'ns3::Callback< bool, ns3::Ptr< ns3::Socket >, ns3::Address const &, ns3::empty, ns3::empty, ns3::empty, ns3::empty, ns3::empty, ns3::empty, ns3::empty >'
***** registering callback handler: 'ns3::Callback< void, ns3::Ptr< ns3::NetDevice >, ns3::Ptr< ns3::Packet const >, unsigned short, ns3::Address const &, ns3::Address const &, ns3::NetDevice::PacketType, ns3::empty, ns3::empty, ns3::empty >'
/home/thomas/ns-allinone-3.16/ns-3.16/src/flow-monitor/bindings/modulegen__gcc_LP64.py:489: Warning: exception TypeConfigurationError('direction not given',) in wrapper <pybindgen.cppmethod.CppConstructor object at 0x1970250>
  cls.add_constructor([param('uint8_t', 'type'), param('uint8_t const *', 'buffer'), param('uint8_t', 'len')])
/home/thomas/ns-allinone-3.16/ns-3.16/src/flow-monitor/bindings/modulegen__gcc_LP64.py:500: Warning: exception TypeConfigurationError('direction not given',) in wrapper public: retval? ???::CopyAllFrom (params?);
  [param('uint8_t const *', 'buffer'), param('uint8_t', 'len')])
/home/thomas/ns-allinone-3.16/ns-3.16/src/flow-monitor/bindings/modulegen__gcc_LP64.py:505: Warning: exception TypeConfigurationError('direction not given',) in wrapper public: retval? ???::CopyAllTo (params?) const;
  is_const=True)
/home/thomas/ns-allinone-3.16/ns-3.16/src/flow-monitor/bindings/modulegen__gcc_LP64.py:509: Warning: exception TypeConfigurationError('direction not given',) in wrapper public: retval? ???::CopyFrom (params?);
  [param('uint8_t const *', 'buffer'), param('uint8_t', 'len')])
/home/thomas/ns-allinone-3.16/ns-3.16/src/flow-monitor/bindings/modulegen__gcc_LP64.py:514: Warning: exception TypeConfigurationError('direction not given',) in wrapper public: retval? ???::CopyTo (params?) const;
  is_const=True)
/home/thomas/ns-allinone-3.16/ns-3.16/src/flow-monitor/bindings/modulegen__gcc_LP64.py:564: Warning: exception TypeLookupError(['std::_List_const_iterator< ns3::AttributeConstructionList::Item >'],) in wrapper public: retval? ???::Begin (params?) const;
  is_const=True)
/home/thomas/ns-allinone-3.16/ns-3.16/src/flow-monitor/bindings/modulegen__gcc_LP64.py:569: Warning: exception TypeLookupError(['std::_List_const_iterator< ns3::AttributeConstructionList::Item >'],) in wrapper public: retval? ???::End (params?) const;
  is_const=True)
/home/thomas/ns-allinone-3.16/ns-3.16/src/flow-monitor/bindings/modulegen__gcc_LP64.py:620: Warning: exception TypeLookupError(['std::ostream *'],) in wrapper public: retval? ???::CopyData (params?) const;
  is_const=True)
/home/thomas/ns-allinone-3.16/ns-3.16/src/flow-monitor/bindings/modulegen__gcc_LP64.py:625: Warning: exception TypeConfigurationError('direction not given',) in wrapper public: retval? ???::CopyData (params?) const;
  is_const=True)
/home/thomas/ns-allinone-3.16/ns-3.16/src/flow-monitor/bindings/modulegen__gcc_LP64.py:639: Warning: exception TypeConfigurationError('direction not given',) in wrapper public: retval? ???::Deserialize (params?);
  [param('uint8_t const *', 'buffer'), param('uint32_t', 'size')])
/home/thomas/ns-allinone-3.16/ns-3.16/src/flow-monitor/bindings/modulegen__gcc_LP64.py:669: Warning: exception TypeLookupError(['uint8_t *'],) in wrapper public: retval? ???::PeekData (params?) const;
  is_const=True)
/home/thomas/ns-allinone-3.16/ns-3.16/src/flow-monitor/bindings/modulegen__gcc_LP64.py:682: Warning: exception TypeConfigurationError('direction not given',) in wrapper public: retval? ???::Serialize (params?) const;
  is_const=True)
/home/thomas/ns-allinone-3.16/ns-3.16/src/flow-monitor/bindings/modulegen__gcc_LP64.py:737: Warning: exception TypeConfigurationError('direction not given',) in wrapper public: retval? ???::Read (params?);
  [param('uint8_t *', 'buffer'), param('uint32_t', 'size')])
/home/thomas/ns-allinone-3.16/ns-3.16/src/flow-monitor/bindings/modulegen__gcc_LP64.py:781: Warning: exception TypeConfigurationError('direction not given',) in wrapper public: retval? ???::Write (params?);
  [param('uint8_t const *', 'buffer'), param('uint32_t', 'size')])
/home/thomas/ns-allinone-3.16/ns-3.16/src/flow-monitor/bindings/modulegen__gcc_LP64.py:967: Warning: exception TypeLookupError(['ns3::Ptr< ns3::EventImpl > &'],) in wrapper <pybindgen.cppmethod.CppConstructor object at 0x1b18510>
  cls.add_constructor([param('ns3::Ptr< ns3::EventImpl > const &', 'impl'), param('uint64_t', 'ts'), param('uint32_t', 'context'), param('uint32_t', 'uid')])
/home/thomas/ns-allinone-3.16/ns-3.16/src/flow-monitor/bindings/modulegen__gcc_LP64.py:1001: Warning: exception TypeConfigurationError('Either caller_owns_return or self.reference_existing_object must be given',) in wrapper public: retval? ???::PeekEventImpl (params?) const;
  is_const=True)
/home/thomas/ns-allinone-3.16/ns-3.16/src/flow-monitor/bindings/modulegen__gcc_LP64.py:1072: Warning: exception TypeLookupError(['std::ostream &'],) in wrapper public: retval? ???::SerializeToXmlStream (params?) const;
  is_const=True)
/home/thomas/ns-allinone-3.16/ns-3.16/src/flow-monitor/bindings/modulegen__gcc_LP64.py:1241: Warning: exception TypeConfigurationError('direction not given',) in wrapper public: retval? ???::Deserialize (params?);
  is_static=True)
/home/thomas/ns-allinone-3.16/ns-3.16/src/flow-monitor/bindings/modulegen__gcc_LP64.py:1306: Warning: exception TypeLookupError(['std::ostream &'],) in wrapper public: retval? ???::Print (params?) const;
  is_const=True)
/home/thomas/ns-allinone-3.16/ns-3.16/src/flow-monitor/bindings/modulegen__gcc_LP64.py:1311: Warning: exception TypeConfigurationError('direction not given',) in wrapper public: retval? ???::Serialize (params?) const;
  is_const=True)
/home/thomas/ns-allinone-3.16/ns-3.16/src/flow-monitor/bindings/modulegen__gcc_LP64.py:1439: Warning: exception TypeLookupError(['std::ostream &'],) in wrapper public: retval? ???::Print (params?) const;
  is_const=True)
/home/thomas/ns-allinone-3.16/ns-3.16/src/flow-monitor/bindings/modulegen__gcc_LP64.py:1456: Warning: exception TypeConfigurationError('direction not given',) in wrapper <pybindgen.cppmethod.CppConstructor object at 0x15b6110>
  cls.add_constructor([param('uint8_t *', 'address')])
/home/thomas/ns-allinone-3.16/ns-3.16/src/flow-monitor/bindings/modulegen__gcc_LP64.py:1474: Warning: exception TypeConfigurationError('direction not given',) in wrapper public: retval? ???::Deserialize (params?);
  is_static=True)
/home/thomas/ns-allinone-3.16/ns-3.16/src/flow-monitor/bindings/modulegen__gcc_LP64.py:1499: Warning: exception TypeConfigurationError('direction not given',) in wrapper public: retval? ???::GetBytes (params?) const;
  is_const=True)
/home/thomas/ns-allinone-3.16/ns-3.16/src/flow-monitor/bindings/modulegen__gcc_LP64.py:1583: Warning: exception TypeLookupError(['ns3::Mac48Address'],) in wrapper public: retval? ???::MakeAutoconfiguredAddress (params?);
  is_static=True)
/home/thomas/ns-allinone-3.16/ns-3.16/src/flow-monitor/bindings/modulegen__gcc_LP64.py:1588: Warning: exception TypeLookupError(['ns3::Mac48Address'],) in wrapper public: retval? ???::MakeAutoconfiguredLinkLocalAddress (params?);
  is_static=True)
/home/thomas/ns-allinone-3.16/ns-3.16/src/flow-monitor/bindings/modulegen__gcc_LP64.py:1603: Warning: exception TypeLookupError(['std::ostream &'],) in wrapper public: retval? ???::Print (params?) const;
  is_const=True)
/home/thomas/ns-allinone-3.16/ns-3.16/src/flow-monitor/bindings/modulegen__gcc_LP64.py:1608: Warning: exception TypeConfigurationError('direction not given',) in wrapper public: retval? ???::Serialize (params?) const;
  is_const=True)
/home/thomas/ns-allinone-3.16/ns-3.16/src/flow-monitor/bindings/modulegen__gcc_LP64.py:1616: Warning: exception TypeConfigurationError('direction not given',) in wrapper public: retval? ???::Set (params?);
  [param('uint8_t *', 'address')])
/home/thomas/ns-allinone-3.16/ns-3.16/src/flow-monitor/bindings/modulegen__gcc_LP64.py:1681: Warning: exception TypeConfigurationError('direction not given',) in wrapper <pybindgen.cppmethod.CppConstructor object at 0x15dcf50>
  cls.add_constructor([param('uint8_t *', 'prefix')])
/home/thomas/ns-allinone-3.16/ns-3.16/src/flow-monitor/bindings/modulegen__gcc_LP64.py:1694: Warning: exception TypeConfigurationError('direction not given',) in wrapper public: retval? ???::GetBytes (params?) const;
  is_const=True)
/home/thomas/ns-allinone-3.16/ns-3.16/src/flow-monitor/bindings/modulegen__gcc_LP64.py:1729: Warning: exception TypeLookupError(['std::ostream &'],) in wrapper public: retval? ???::Print (params?) const;
  is_const=True)
/home/thomas/ns-allinone-3.16/ns-3.16/src/flow-monitor/bindings/modulegen__gcc_LP64.py:1765: Warning: exception TypeLookupError(['__gnu_cxx::__normal_iterator< ns3::Ptr< ns3::Node > const, std::vector< ns3::Ptr< ns3::Node > > >'],) in wrapper public: retval? ???::Begin (params?) const;
  is_const=True)
/home/thomas/ns-allinone-3.16/ns-3.16/src/flow-monitor/bindings/modulegen__gcc_LP64.py:1778: Warning: exception TypeLookupError(['__gnu_cxx::__normal_iterator< ns3::Ptr< ns3::Node > const, std::vector< ns3::Ptr< ns3::Node > > >'],) in wrapper public: retval? ???::End (params?) const;
  is_const=True)
/home/thomas/ns-allinone-3.16/ns-3.16/src/flow-monitor/bindings/modulegen__gcc_LP64.py:1866: Warning: exception TypeConfigurationError('Missing transfer_ownership option',) in wrapper public: retval? ???::Delete (params?);
  is_static=True)
/home/thomas/ns-allinone-3.16/ns-3.16/src/flow-monitor/bindings/modulegen__gcc_LP64.py:1939: Warning: exception TypeConfigurationError('direction not given',) in wrapper public: retval? ???::Deserialize (params?);
  [param('uint8_t const *', 'buffer'), param('uint32_t', 'size')])
/home/thomas/ns-allinone-3.16/ns-3.16/src/flow-monitor/bindings/modulegen__gcc_LP64.py:1980: Warning: exception TypeConfigurationError('direction not given',) in wrapper public: retval? ???::Serialize (params?) const;
  is_const=True)
bindings/python/ns3modulegen-modular.py:27: UserWarning: exception TypeLookupError(['uint8_t [ 20 ]'],) in wrapper None
  warnings.warn("exception %r in wrapper %s" % (exception, wrapper))
bindings/python/ns3modulegen-modular.py:27: UserWarning: exception TypeConfigurationError('Either caller_owns_return or self.reference_existing_object must be given',) in wrapper None
  warnings.warn("exception %r in wrapper %s" % (exception, wrapper))
/home/thomas/ns-allinone-3.16/ns-3.16/src/flow-monitor/bindings/modulegen__gcc_LP64.py:2131: Warning: exception TypeLookupError(['ns3::Ptr< ns3::SimulatorImpl >', 'ns3::SimulatorImpl *'],) in wrapper public: retval? ???::GetImplementation (params?);
  is_static=True)
/home/thomas/ns-allinone-3.16/ns-3.16/src/flow-monitor/bindings/modulegen__gcc_LP64.py:2166: Warning: exception TypeLookupError(['ns3::Ptr< ns3::SimulatorImpl >', 'ns3::SimulatorImpl *'],) in wrapper public: retval? ???::SetImplementation (params?);
  is_static=True)
/home/thomas/ns-allinone-3.16/ns-3.16/src/flow-monitor/bindings/modulegen__gcc_LP64.py:2208: Warning: exception TypeLookupError(['std::ostream &'],) in wrapper public: virtual retval? ???::Print (params?) const = 0;
  is_pure_virtual=True, is_const=True, is_virtual=True)
/home/thomas/ns-allinone-3.16/ns-3.16/src/flow-monitor/bindings/modulegen__gcc_LP64.py:2220: Warning: exception TypeConfigurationError('direction not given',) in wrapper <pybindgen.cppmethod.CppConstructor object at 0x16d50d0>
  cls.add_constructor([param('uint8_t *', 'start'), param('uint8_t *', 'end')])
/home/thomas/ns-allinone-3.16/ns-3.16/src/flow-monitor/bindings/modulegen__gcc_LP64.py:2228: Warning: exception TypeConfigurationError('direction not given',) in wrapper public: retval? ???::Read (params?);
  [param('uint8_t *', 'buffer'), param('uint32_t', 'size')])
/home/thomas/ns-allinone-3.16/ns-3.16/src/flow-monitor/bindings/modulegen__gcc_LP64.py:2256: Warning: exception TypeConfigurationError('direction not given',) in wrapper public: retval? ???::Write (params?);
  [param('uint8_t const *', 'buffer'), param('uint32_t', 'size')])
/home/thomas/ns-allinone-3.16/ns-3.16/src/flow-monitor/bindings/modulegen__gcc_LP64.py:2405: Warning: exception TypeLookupError(['ns3::Callback< ns3::ObjectBase *, ns3::empty, ns3::empty, ns3::empty, ns3::empty, ns3::empty, ns3::empty, ns3::empty, ns3::empty, ns3::empty >'],) in wrapper public: retval? ???::GetConstructor (params?) const;
  is_const=True)
bindings/python/ns3modulegen-modular.py:27: UserWarning: exception TypeLookupError(['short unsigned int'],) in wrapper None
  warnings.warn("exception %r in wrapper %s" % (exception, wrapper))
/home/thomas/ns-allinone-3.16/ns-3.16/src/flow-monitor/bindings/modulegen__gcc_LP64.py:2670: Warning: exception TypeLookupError(['std::ostream &'],) in wrapper public: virtual retval? ???::Print (params?) const = 0;
  is_pure_virtual=True, is_const=True, is_virtual=True)
/home/thomas/ns-allinone-3.16/ns-3.16/src/flow-monitor/bindings/modulegen__gcc_LP64.py:2698: Warning: exception TypeLookupError(['std::ostream &'],) in wrapper public: virtual retval? ???::Print (params?) const = 0;
  is_pure_virtual=True, is_const=True, is_virtual=True)
/home/thomas/ns-allinone-3.16/ns-3.16/src/flow-monitor/bindings/modulegen__gcc_LP64.py:2814: Warning: exception TypeLookupError(['std::ostream &'],) in wrapper public: virtual retval? ???::Print (params?) const;
  is_const=True, is_virtual=True)
/home/thomas/ns-allinone-3.16/ns-3.16/src/flow-monitor/bindings/modulegen__gcc_LP64.py:2942: Warning: exception TypeLookupError(['std::ostream &'],) in wrapper public: virtual retval? ???::Print (params?) const;
  is_const=True, is_virtual=True)
/home/thomas/ns-allinone-3.16/ns-3.16/src/flow-monitor/bindings/modulegen__gcc_LP64.py:3346: Warning: exception TypeConfigurationError('direction not given',) in wrapper public: retval? ???::Recv (params?);
  [param('uint8_t *', 'buf'), param('uint32_t', 'size'), param('uint32_t', 'flags')])
/home/thomas/ns-allinone-3.16/ns-3.16/src/flow-monitor/bindings/modulegen__gcc_LP64.py:3359: Warning: exception TypeConfigurationError('direction not given',) in wrapper public: retval? ???::RecvFrom (params?);
  [param('uint8_t *', 'buf'), param('uint32_t', 'size'), param('uint32_t', 'flags'), param('ns3::Address &', 'fromAddress')])
/home/thomas/ns-allinone-3.16/ns-3.16/src/flow-monitor/bindings/modulegen__gcc_LP64.py:3372: Warning: exception TypeConfigurationError('direction not given',) in wrapper public: retval? ???::Send (params?);
  [param('uint8_t const *', 'buf'), param('uint32_t', 'size'), param('uint32_t', 'flags')])
/home/thomas/ns-allinone-3.16/ns-3.16/src/flow-monitor/bindings/modulegen__gcc_LP64.py:3381: Warning: exception TypeConfigurationError('direction not given',) in wrapper public: retval? ???::SendTo (params?);
  [param('uint8_t const *', 'buf'), param('uint32_t', 'size'), param('uint32_t', 'flags'), param('ns3::Address const &', 'address')])
/home/thomas/ns-allinone-3.16/ns-3.16/src/flow-monitor/bindings/modulegen__gcc_LP64.py:3565: Warning: exception TypeLookupError(['std::ostream &'],) in wrapper public: virtual retval? ???::Print (params?) const;
  is_const=True, is_virtual=True)
/home/thomas/ns-allinone-3.16/ns-3.16/src/flow-monitor/bindings/modulegen__gcc_LP64.py:3611: Warning: exception TypeLookupError(['std::ostream &'],) in wrapper public: virtual retval? ???::Print (params?) const;
  is_const=True, is_virtual=True)
/home/thomas/ns-allinone-3.16/ns-3.16/src/flow-monitor/bindings/modulegen__gcc_LP64.py:3657: Warning: exception TypeLookupError(['std::ostream &'],) in wrapper public: virtual retval? ???::Print (params?) const;
  is_const=True, is_virtual=True)
/home/thomas/ns-allinone-3.16/ns-3.16/src/flow-monitor/bindings/modulegen__gcc_LP64.py:3703: Warning: exception TypeLookupError(['std::ostream &'],) in wrapper public: virtual retval? ???::Print (params?) const;
  is_const=True, is_virtual=True)
/home/thomas/ns-allinone-3.16/ns-3.16/src/flow-monitor/bindings/modulegen__gcc_LP64.py:3749: Warning: exception TypeLookupError(['std::ostream &'],) in wrapper public: virtual retval? ???::Print (params?) const;
  is_const=True, is_virtual=True)
/home/thomas/ns-allinone-3.16/ns-3.16/src/flow-monitor/bindings/modulegen__gcc_LP64.py:3803: Warning: exception TypeLookupError(['std::ostream &'],) in wrapper public: virtual retval? ???::Print (params?) const;
  is_const=True, is_virtual=True)
/home/thomas/ns-allinone-3.16/ns-3.16/src/flow-monitor/bindings/modulegen__gcc_LP64.py:4024: Warning: exception TypeLookupError(['std::ostream &'],) in wrapper public: virtual retval? ???::Print (params?) const = 0;
  is_pure_virtual=True, is_const=True, is_virtual=True)
/home/thomas/ns-allinone-3.16/ns-3.16/src/flow-monitor/bindings/modulegen__gcc_LP64.py:4223: Warning: exception TypeLookupError(['std::ostream &'],) in wrapper public: virtual retval? ???::SerializeToXmlStream (params?) const = 0;
  is_pure_virtual=True, is_const=True, is_virtual=True)
/home/thomas/ns-allinone-3.16/ns-3.16/src/flow-monitor/bindings/modulegen__gcc_LP64.py:4291: Warning: exception TypeLookupError(['std::ostream &'],) in wrapper public: retval? ???::SerializeToXmlStream (params?);
  [param('std::ostream &', 'os'), param('int', 'indent'), param('bool', 'enableHistograms'), param('bool', 'enableProbes')])
/home/thomas/ns-allinone-3.16/ns-3.16/src/flow-monitor/bindings/modulegen__gcc_LP64.py:4386: Warning: exception TypeLookupError(['std::ostream &'],) in wrapper public: retval? ???::SerializeToXmlStream (params?) const;
  is_const=True)
/home/thomas/ns-allinone-3.16/ns-3.16/src/flow-monitor/bindings/modulegen__gcc_LP64.py:4418: Warning: exception TypeLookupError(['ns3::Callback< void, ns3::Ptr< ns3::Packet >, ns3::Ipv4Address, ns3::Ipv4Address, unsigned char, ns3::Ptr< ns3::Ipv4Route >, ns3::empty, ns3::empty, ns3::empty, ns3::empty >'],) in wrapper public: virtual retval? ???::GetDownTarget (params?) const = 0;
  is_pure_virtual=True, is_const=True, is_virtual=True)
/home/thomas/ns-allinone-3.16/ns-3.16/src/flow-monitor/bindings/modulegen__gcc_LP64.py:4423: Warning: exception TypeLookupError(['ns3::Callback< void, ns3::Ptr< ns3::Packet >, ns3::Ipv6Address, ns3::Ipv6Address, unsigned char, ns3::Ptr< ns3::Ipv6Route >, ns3::empty, ns3::empty, ns3::empty, ns3::empty >'],) in wrapper public: virtual retval? ???::GetDownTarget6 (params?) const = 0;
  is_pure_virtual=True, is_const=True, is_virtual=True)
/home/thomas/ns-allinone-3.16/ns-3.16/src/flow-monitor/bindings/modulegen__gcc_LP64.py:4438: Warning: exception TypeLookupError(['ns3::Ptr< ns3::Ipv4Interface >', 'ns3::Ipv4Interface *'],) in wrapper public: virtual retval? ???::Receive (params?) = 0;
  is_pure_virtual=True, is_virtual=True)
/home/thomas/ns-allinone-3.16/ns-3.16/src/flow-monitor/bindings/modulegen__gcc_LP64.py:4448: Warning: exception TypeConfigurationError('direction not given',) in wrapper public: virtual retval? ???::ReceiveIcmp (params?);
  is_virtual=True)
/home/thomas/ns-allinone-3.16/ns-3.16/src/flow-monitor/bindings/modulegen__gcc_LP64.py:4453: Warning: exception TypeConfigurationError('direction not given',) in wrapper public: virtual retval? ???::ReceiveIcmp (params?);
  is_virtual=True)
/home/thomas/ns-allinone-3.16/ns-3.16/src/flow-monitor/bindings/modulegen__gcc_LP64.py:4458: Warning: exception TypeLookupError(['ns3::Callback< void, ns3::Ptr< ns3::Packet >, ns3::Ipv4Address, ns3::Ipv4Address, unsigned char, ns3::Ptr< ns3::Ipv4Route >, ns3::empty, ns3::empty, ns3::empty, ns3::empty >'],) in wrapper public: virtual retval? ???::SetDownTarget (params?) = 0;
  is_pure_virtual=True, is_virtual=True)
/home/thomas/ns-allinone-3.16/ns-3.16/src/flow-monitor/bindings/modulegen__gcc_LP64.py:4463: Warning: exception TypeLookupError(['ns3::Callback< void, ns3::Ptr< ns3::Packet >, ns3::Ipv6Address, ns3::Ipv6Address, unsigned char, ns3::Ptr< ns3::Ipv6Route >, ns3::empty, ns3::empty, ns3::empty, ns3::empty >'],) in wrapper public: virtual retval? ???::SetDownTarget6 (params?) = 0;
  is_pure_virtual=True, is_virtual=True)
/home/thomas/ns-allinone-3.16/ns-3.16/src/flow-monitor/bindings/modulegen__gcc_LP64.py:4696: Warning: exception TypeLookupError(['std::ostream &'],) in wrapper public: virtual retval? ???::SerializeToXmlStream (params?) const;
  is_const=True, is_virtual=True)
/home/thomas/ns-allinone-3.16/ns-3.16/src/flow-monitor/bindings/modulegen__gcc_LP64.py:4755: Warning: exception TypeLookupError(['ns3::Ptr< ns3::Ipv4Interface >', 'ns3::Ipv4Interface *'],) in wrapper public: retval? ???::GetInterface (params?) const;
  is_const=True)
/home/thomas/ns-allinone-3.16/ns-3.16/src/flow-monitor/bindings/modulegen__gcc_LP64.py:5101: Warning: exception TypeLookupError(['ns3::Callback< void, ns3::Ptr< ns3::Ipv4Route >, ns3::Ptr< ns3::Packet const >, ns3::Ipv4Header const &, ns3::empty, ns3::empty, ns3::empty, ns3::empty, ns3::empty, ns3::empty >'],) in wrapper public: virtual retval? ???::RouteInput (params?) = 0;
  is_pure_virtual=True, is_virtual=True)
/home/thomas/ns-allinone-3.16/ns-3.16/src/flow-monitor/bindings/modulegen__gcc_LP64.py:5344: Warning: exception TypeLookupError(['ns3::Callback< void, ns3::empty, ns3::empty, ns3::empty, ns3::empty, ns3::empty, ns3::empty, ns3::empty, ns3::empty, ns3::empty >'],) in wrapper public: virtual retval? ???::AddLinkChangeCallback (params?) = 0;
  is_pure_virtual=True, is_virtual=True)
/home/thomas/ns-allinone-3.16/ns-3.16/src/flow-monitor/bindings/modulegen__gcc_LP64.py:5359: Warning: exception TypeLookupError(['ns3::Ptr< ns3::Channel >', 'ns3::Channel *'],) in wrapper public: virtual retval? ???::GetChannel (params?) const = 0;
  is_pure_virtual=True, is_const=True, is_virtual=True)
/home/thomas/ns-allinone-3.16/ns-3.16/src/flow-monitor/bindings/modulegen__gcc_LP64.py:5454: Warning: exception TypeLookupError(['ns3::Callback< bool, ns3::Ptr< ns3::NetDevice >, ns3::Ptr< ns3::Packet const >, short unsigned int, ns3::Address const &, ns3::Address const &, ns3::NetDevice::PacketType, ns3::empty, ns3::empty, ns3::empty >'],) in wrapper public: virtual retval? ???::SetPromiscReceiveCallback (params?) = 0;
  is_pure_virtual=True, is_virtual=True)
/home/thomas/ns-allinone-3.16/ns-3.16/src/flow-monitor/bindings/modulegen__gcc_LP64.py:5459: Warning: exception TypeLookupError(['ns3::Callback< bool, ns3::Ptr< ns3::NetDevice >, ns3::Ptr< ns3::Packet const >, short unsigned int, ns3::Address const &, ns3::empty, ns3::empty, ns3::empty, ns3::empty, ns3::empty >'],) in wrapper public: virtual retval? ???::SetReceiveCallback (params?) = 0;
  is_pure_virtual=True, is_virtual=True)
/home/thomas/ns-allinone-3.16/ns-3.16/src/flow-monitor/bindings/modulegen__gcc_LP64.py:5521: Warning: exception TypeLookupError(['ns3::Ptr< ns3::Application >', 'ns3::Application *'],) in wrapper public: retval? ???::AddApplication (params?);
  [param('ns3::Ptr< ns3::Application >', 'application')])
/home/thomas/ns-allinone-3.16/ns-3.16/src/flow-monitor/bindings/modulegen__gcc_LP64.py:5535: Warning: exception TypeLookupError(['ns3::Ptr< ns3::Application >', 'ns3::Application *'],) in wrapper public: retval? ???::GetApplication (params?) const;
  is_const=True)
/home/thomas/ns-allinone-3.16/ns-3.16/src/flow-monitor/bindings/modulegen__gcc_LP64.py:5569: Warning: exception TypeLookupError(['ns3::Callback< void, ns3::Ptr< ns3::NetDevice >, ns3::empty, ns3::empty, ns3::empty, ns3::empty, ns3::empty, ns3::empty, ns3::empty, ns3::empty >'],) in wrapper public: retval? ???::RegisterDeviceAdditionListener (params?);
  [param('ns3::Callback< void, ns3::Ptr< ns3::NetDevice >, ns3::empty, ns3::empty, ns3::empty, ns3::empty, ns3::empty, ns3::empty, ns3::empty, ns3::empty >', 'listener')])
/home/thomas/ns-allinone-3.16/ns-3.16/src/flow-monitor/bindings/modulegen__gcc_LP64.py:5577: Warning: exception TypeLookupError(['ns3::Callback< void, ns3::Ptr< ns3::NetDevice >, ns3::empty, ns3::empty, ns3::empty, ns3::empty, ns3::empty, ns3::empty, ns3::empty, ns3::empty >'],) in wrapper public: retval? ???::UnregisterDeviceAdditionListener (params?);
  [param('ns3::Callback< void, ns3::Ptr< ns3::NetDevice >, ns3::empty, ns3::empty, ns3::empty, ns3::empty, ns3::empty, ns3::empty, ns3::empty, ns3::empty >', 'listener')])
/home/thomas/ns-allinone-3.16/ns-3.16/src/flow-monitor/bindings/modulegen__gcc_LP64.py:5640: Warning: exception TypeLookupError(['std::ostream *'],) in wrapper <pybindgen.cppmethod.CppConstructor object at 0x2e8d110>
  cls.add_constructor([param('std::ostream *', 'os')])
/home/thomas/ns-allinone-3.16/ns-3.16/src/flow-monitor/bindings/modulegen__gcc_LP64.py:5644: Warning: exception TypeLookupError(['std::ostream *'],) in wrapper public: retval? ???::GetStream (params?);
  [])
/home/thomas/ns-allinone-3.16/ns-3.16/src/flow-monitor/bindings/modulegen__gcc_LP64.py:5656: Warning: exception TypeConfigurationError('direction not given',) in wrapper <pybindgen.cppmethod.CppConstructor object at 0x2e8ded0>
  cls.add_constructor([param('uint8_t const *', 'buffer'), param('uint32_t', 'size'), param('bool', 'magic')])
/home/thomas/ns-allinone-3.16/ns-3.16/src/flow-monitor/bindings/modulegen__gcc_LP64.py:5658: Warning: exception TypeConfigurationError('direction not given',) in wrapper <pybindgen.cppmethod.CppConstructor object at 0x2e8df10>
  cls.add_constructor([param('uint8_t const *', 'buffer'), param('uint32_t', 'size')])
/home/thomas/ns-allinone-3.16/ns-3.16/src/flow-monitor/bindings/modulegen__gcc_LP64.py:5699: Warning: exception TypeConfigurationError('direction not given',) in wrapper public: retval? ???::CopyData (params?) const;
  is_const=True)
/home/thomas/ns-allinone-3.16/ns-3.16/src/flow-monitor/bindings/modulegen__gcc_LP64.py:5704: Warning: exception TypeLookupError(['std::ostream *'],) in wrapper public: retval? ???::CopyData (params?) const;
  is_const=True)
/home/thomas/ns-allinone-3.16/ns-3.16/src/flow-monitor/bindings/modulegen__gcc_LP64.py:5759: Warning: exception TypeLookupError(['uint8_t *'],) in wrapper public: retval? ???::PeekData (params?) const;
  deprecated=True, is_const=True)
/home/thomas/ns-allinone-3.16/ns-3.16/src/flow-monitor/bindings/modulegen__gcc_LP64.py:5778: Warning: exception TypeLookupError(['std::ostream &'],) in wrapper public: retval? ???::Print (params?) const;
  is_const=True)
/home/thomas/ns-allinone-3.16/ns-3.16/src/flow-monitor/bindings/modulegen__gcc_LP64.py:5783: Warning: exception TypeLookupError(['std::ostream &'],) in wrapper public: retval? ???::PrintByteTags (params?) const;
  is_const=True)
/home/thomas/ns-allinone-3.16/ns-3.16/src/flow-monitor/bindings/modulegen__gcc_LP64.py:5788: Warning: exception TypeLookupError(['std::ostream &'],) in wrapper public: retval? ???::PrintPacketTags (params?) const;
  is_const=True)
/home/thomas/ns-allinone-3.16/ns-3.16/src/flow-monitor/bindings/modulegen__gcc_LP64.py:5821: Warning: exception TypeConfigurationError('direction not given',) in wrapper public: retval? ???::Serialize (params?) const;
  is_const=True)
/home/thomas/ns-allinone-3.16/pybindgen-0.15.0.809/pybindgen/cppclass_typehandlers.py:1134: UserWarning: Returning shared pointers is dangerous!  The C++ API should be redesigned to avoid this situation.
  warnings.warn("Returning shared pointers is dangerous!"
