>>>>>>>>>>>>>>>> [['void', 'ns3::Ptr<ns3::NetDevice>', 'ns3::Ptr<ns3::Packet const>', 'unsigned short', 'ns3::Address const&', 'ns3::Address const&', 'ns3::NetDevice::PacketType', 'ns3::empty', 'ns3::empty', 'ns3::empty'], ['void', 'ns3::Ptr<ns3::PacketBurst const>', 'ns3::empty', 'ns3::empty', 'ns3::empty', 'ns3::empty', 'ns3::empty', 'ns3::empty', 'ns3::empty', 'ns3::empty'], ['void', 'ns3::empty', 'ns3::empty', 'ns3::empty', 'ns3::empty', 'ns3::empty', 'ns3::empty', 'ns3::empty', 'ns3::empty', 'ns3::empty'], ['bool', 'ns3::Ptr<ns3::NetDevice>', 'ns3::Ptr<ns3::Packet const>', 'unsigned short', 'ns3::Address const&', 'ns3::Address const&', 'ns3::NetDevice::PacketType', 'ns3::empty', 'ns3::empty', 'ns3::empty'], ['bool', 'ns3::Ptr<ns3::NetDevice>', 'ns3::Ptr<ns3::Packet const>', 'unsigned short', 'ns3::Address const&', 'ns3::empty', 'ns3::empty', 'ns3::empty', 'ns3::empty', 'ns3::empty'], ['void', 'bool', 'unsigned long', 'ns3::empty', 'ns3::empty', 'ns3::empty', 'ns3::empty', 'ns3::empty', 'ns3::empty', 'ns3::empty']]
bindings/python/ns3modulegen-modular.py:27: UserWarning: exception TypeConfigurationError('Either caller_owns_return or self.reference_existing_object must be given',) in wrapper <pybindgen.Container 'std::vector< ns3::ServiceFlow * >'>
  warnings.warn("exception %r in wrapper %s" % (exception, wrapper))
bindings/python/ns3modulegen-modular.py:27: UserWarning: exception TypeConfigurationError('Either caller_owns_return or self.reference_existing_object must be given',) in wrapper <pybindgen.Container 'std::vector< ns3::SSRecord * >'>
  warnings.warn("exception %r in wrapper %s" % (exception, wrapper))
bindings/python/ns3modulegen-modular.py:27: UserWarning: exception TypeLookupError(['std::pair< ns3::OfdmDlMapIe *, ns3::Ptr< ns3::PacketBurst > >'],) in wrapper <pybindgen.Container 'std::list< std::pair< ns3::OfdmDlMapIe *, ns3::Ptr< ns3::PacketBurst > > >'>
  warnings.warn("exception %r in wrapper %s" % (exception, wrapper))
***** registering callback handler: 'ns3::Callback< void, ns3::Ptr< ns3::NetDevice >, ns3::Ptr< ns3::Packet const >, unsigned short, ns3::Address const &, ns3::Address const &, ns3::NetDevice::PacketType, ns3::empty, ns3::empty, ns3::empty >'
***** registering callback handler: 'ns3::Callback< void, ns3::Ptr< ns3::PacketBurst const >, ns3::empty, ns3::empty, ns3::empty, ns3::empty, ns3::empty, ns3::empty, ns3::empty, ns3::empty >'
***** registering callback handler: 'ns3::Callback< void, ns3::empty, ns3::empty, ns3::empty, ns3::empty, ns3::empty, ns3::empty, ns3::empty, ns3::empty, ns3::empty >'
***** registering callback handler: 'ns3::Callback< bool, ns3::Ptr< ns3::NetDevice >, ns3::Ptr< ns3::Packet const >, unsigned short, ns3::Address const &, ns3::Address const &, ns3::NetDevice::PacketType, ns3::empty, ns3::empty, ns3::empty >'
***** registering callback handler: 'ns3::Callback< bool, ns3::Ptr< ns3::NetDevice >, ns3::Ptr< ns3::Packet const >, unsigned short, ns3::Address const &, ns3::empty, ns3::empty, ns3::empty, ns3::empty, ns3::empty >'
***** registering callback handler: 'ns3::Callback< void, bool, unsigned long, ns3::empty, ns3::empty, ns3::empty, ns3::empty, ns3::empty, ns3::empty, ns3::empty >'
/home/thomas/ns-allinone-3.16/ns-3.16/src/wimax/bindings/modulegen__gcc_LP64.py:771: Warning: exception TypeConfigurationError('direction not given',) in wrapper <pybindgen.cppmethod.CppConstructor object at 0x3c936d0>
  cls.add_constructor([param('uint8_t', 'type'), param('uint8_t const *', 'buffer'), param('uint8_t', 'len')])
/home/thomas/ns-allinone-3.16/ns-3.16/src/wimax/bindings/modulegen__gcc_LP64.py:782: Warning: exception TypeConfigurationError('direction not given',) in wrapper public: retval? ???::CopyAllFrom (params?);
  [param('uint8_t const *', 'buffer'), param('uint8_t', 'len')])
/home/thomas/ns-allinone-3.16/ns-3.16/src/wimax/bindings/modulegen__gcc_LP64.py:787: Warning: exception TypeConfigurationError('direction not given',) in wrapper public: retval? ???::CopyAllTo (params?) const;
  is_const=True)
/home/thomas/ns-allinone-3.16/ns-3.16/src/wimax/bindings/modulegen__gcc_LP64.py:791: Warning: exception TypeConfigurationError('direction not given',) in wrapper public: retval? ???::CopyFrom (params?);
  [param('uint8_t const *', 'buffer'), param('uint8_t', 'len')])
/home/thomas/ns-allinone-3.16/ns-3.16/src/wimax/bindings/modulegen__gcc_LP64.py:796: Warning: exception TypeConfigurationError('direction not given',) in wrapper public: retval? ???::CopyTo (params?) const;
  is_const=True)
/home/thomas/ns-allinone-3.16/ns-3.16/src/wimax/bindings/modulegen__gcc_LP64.py:965: Warning: exception TypeLookupError(['std::_List_const_iterator< ns3::AttributeConstructionList::Item >'],) in wrapper public: retval? ???::Begin (params?) const;
  is_const=True)
/home/thomas/ns-allinone-3.16/ns-3.16/src/wimax/bindings/modulegen__gcc_LP64.py:970: Warning: exception TypeLookupError(['std::_List_const_iterator< ns3::AttributeConstructionList::Item >'],) in wrapper public: retval? ???::End (params?) const;
  is_const=True)
/home/thomas/ns-allinone-3.16/ns-3.16/src/wimax/bindings/modulegen__gcc_LP64.py:1021: Warning: exception TypeLookupError(['std::ostream *'],) in wrapper public: retval? ???::CopyData (params?) const;
  is_const=True)
/home/thomas/ns-allinone-3.16/ns-3.16/src/wimax/bindings/modulegen__gcc_LP64.py:1026: Warning: exception TypeConfigurationError('direction not given',) in wrapper public: retval? ???::CopyData (params?) const;
  is_const=True)
/home/thomas/ns-allinone-3.16/ns-3.16/src/wimax/bindings/modulegen__gcc_LP64.py:1040: Warning: exception TypeConfigurationError('direction not given',) in wrapper public: retval? ???::Deserialize (params?);
  [param('uint8_t const *', 'buffer'), param('uint32_t', 'size')])
/home/thomas/ns-allinone-3.16/ns-3.16/src/wimax/bindings/modulegen__gcc_LP64.py:1070: Warning: exception TypeLookupError(['uint8_t *'],) in wrapper public: retval? ???::PeekData (params?) const;
  is_const=True)
/home/thomas/ns-allinone-3.16/ns-3.16/src/wimax/bindings/modulegen__gcc_LP64.py:1083: Warning: exception TypeConfigurationError('direction not given',) in wrapper public: retval? ???::Serialize (params?) const;
  is_const=True)
/home/thomas/ns-allinone-3.16/ns-3.16/src/wimax/bindings/modulegen__gcc_LP64.py:1138: Warning: exception TypeConfigurationError('direction not given',) in wrapper public: retval? ???::Read (params?);
  [param('uint8_t *', 'buffer'), param('uint32_t', 'size')])
/home/thomas/ns-allinone-3.16/ns-3.16/src/wimax/bindings/modulegen__gcc_LP64.py:1182: Warning: exception TypeConfigurationError('direction not given',) in wrapper public: retval? ???::Write (params?);
  [param('uint8_t const *', 'buffer'), param('uint32_t', 'size')])
/home/thomas/ns-allinone-3.16/ns-3.16/src/wimax/bindings/modulegen__gcc_LP64.py:1624: Warning: exception TypeLookupError(['ns3::Ptr< ns3::EventImpl > &'],) in wrapper <pybindgen.cppmethod.CppConstructor object at 0x379b250>
  cls.add_constructor([param('ns3::Ptr< ns3::EventImpl > const &', 'impl'), param('uint64_t', 'ts'), param('uint32_t', 'context'), param('uint32_t', 'uid')])
/home/thomas/ns-allinone-3.16/ns-3.16/src/wimax/bindings/modulegen__gcc_LP64.py:1658: Warning: exception TypeConfigurationError('Either caller_owns_return or self.reference_existing_object must be given',) in wrapper public: retval? ???::PeekEventImpl (params?) const;
  is_const=True)
/home/thomas/ns-allinone-3.16/ns-3.16/src/wimax/bindings/modulegen__gcc_LP64.py:1756: Warning: exception TypeConfigurationError('direction not given',) in wrapper public: retval? ???::Deserialize (params?);
  is_static=True)
/home/thomas/ns-allinone-3.16/ns-3.16/src/wimax/bindings/modulegen__gcc_LP64.py:1821: Warning: exception TypeLookupError(['std::ostream &'],) in wrapper public: retval? ???::Print (params?) const;
  is_const=True)
/home/thomas/ns-allinone-3.16/ns-3.16/src/wimax/bindings/modulegen__gcc_LP64.py:1826: Warning: exception TypeConfigurationError('direction not given',) in wrapper public: retval? ???::Serialize (params?) const;
  is_const=True)
/home/thomas/ns-allinone-3.16/ns-3.16/src/wimax/bindings/modulegen__gcc_LP64.py:1893: Warning: exception TypeLookupError(['std::ostream &'],) in wrapper public: retval? ???::Print (params?) const;
  is_const=True)
/home/thomas/ns-allinone-3.16/ns-3.16/src/wimax/bindings/modulegen__gcc_LP64.py:1910: Warning: exception TypeConfigurationError('direction not given',) in wrapper <pybindgen.cppmethod.CppConstructor object at 0x38a3750>
  cls.add_constructor([param('uint8_t *', 'address')])
/home/thomas/ns-allinone-3.16/ns-3.16/src/wimax/bindings/modulegen__gcc_LP64.py:1928: Warning: exception TypeConfigurationError('direction not given',) in wrapper public: retval? ???::Deserialize (params?);
  is_static=True)
/home/thomas/ns-allinone-3.16/ns-3.16/src/wimax/bindings/modulegen__gcc_LP64.py:1953: Warning: exception TypeConfigurationError('direction not given',) in wrapper public: retval? ???::GetBytes (params?) const;
  is_const=True)
/home/thomas/ns-allinone-3.16/ns-3.16/src/wimax/bindings/modulegen__gcc_LP64.py:2057: Warning: exception TypeLookupError(['std::ostream &'],) in wrapper public: retval? ???::Print (params?) const;
  is_const=True)
/home/thomas/ns-allinone-3.16/ns-3.16/src/wimax/bindings/modulegen__gcc_LP64.py:2062: Warning: exception TypeConfigurationError('direction not given',) in wrapper public: retval? ???::Serialize (params?) const;
  is_const=True)
/home/thomas/ns-allinone-3.16/ns-3.16/src/wimax/bindings/modulegen__gcc_LP64.py:2070: Warning: exception TypeConfigurationError('direction not given',) in wrapper public: retval? ???::Set (params?);
  [param('uint8_t *', 'address')])
/home/thomas/ns-allinone-3.16/ns-3.16/src/wimax/bindings/modulegen__gcc_LP64.py:2080: Warning: exception TypeConfigurationError('direction not given',) in wrapper <pybindgen.cppmethod.CppConstructor object at 0x2ae6790>
  cls.add_constructor([param('uint8_t *', 'prefix')])
/home/thomas/ns-allinone-3.16/ns-3.16/src/wimax/bindings/modulegen__gcc_LP64.py:2093: Warning: exception TypeConfigurationError('direction not given',) in wrapper public: retval? ???::GetBytes (params?) const;
  is_const=True)
/home/thomas/ns-allinone-3.16/ns-3.16/src/wimax/bindings/modulegen__gcc_LP64.py:2128: Warning: exception TypeLookupError(['std::ostream &'],) in wrapper public: retval? ???::Print (params?) const;
  is_const=True)
/home/thomas/ns-allinone-3.16/ns-3.16/src/wimax/bindings/modulegen__gcc_LP64.py:2194: Warning: exception TypeConfigurationError('direction not given',) in wrapper public: retval? ???::CopyFrom (params?);
  [param('uint8_t const *', 'buffer')])
/home/thomas/ns-allinone-3.16/ns-3.16/src/wimax/bindings/modulegen__gcc_LP64.py:2199: Warning: exception TypeConfigurationError('direction not given',) in wrapper public: retval? ???::CopyTo (params?) const;
  is_const=True)
/home/thomas/ns-allinone-3.16/ns-3.16/src/wimax/bindings/modulegen__gcc_LP64.py:2269: Warning: exception TypeLookupError(['__gnu_cxx::__normal_iterator< ns3::Ptr< ns3::NetDevice > const, std::vector< ns3::Ptr< ns3::NetDevice > > >'],) in wrapper public: retval? ???::Begin (params?) const;
  is_const=True)
/home/thomas/ns-allinone-3.16/ns-3.16/src/wimax/bindings/modulegen__gcc_LP64.py:2274: Warning: exception TypeLookupError(['__gnu_cxx::__normal_iterator< ns3::Ptr< ns3::NetDevice > const, std::vector< ns3::Ptr< ns3::NetDevice > > >'],) in wrapper public: retval? ???::End (params?) const;
  is_const=True)
/home/thomas/ns-allinone-3.16/ns-3.16/src/wimax/bindings/modulegen__gcc_LP64.py:2320: Warning: exception TypeLookupError(['__gnu_cxx::__normal_iterator< ns3::Ptr< ns3::Node > const, std::vector< ns3::Ptr< ns3::Node > > >'],) in wrapper public: retval? ???::Begin (params?) const;
  is_const=True)
/home/thomas/ns-allinone-3.16/ns-3.16/src/wimax/bindings/modulegen__gcc_LP64.py:2333: Warning: exception TypeLookupError(['__gnu_cxx::__normal_iterator< ns3::Ptr< ns3::Node > const, std::vector< ns3::Ptr< ns3::Node > > >'],) in wrapper public: retval? ???::End (params?) const;
  is_const=True)
/home/thomas/ns-allinone-3.16/ns-3.16/src/wimax/bindings/modulegen__gcc_LP64.py:2421: Warning: exception TypeConfigurationError('Missing transfer_ownership option',) in wrapper public: retval? ???::Delete (params?);
  is_static=True)
/home/thomas/ns-allinone-3.16/ns-3.16/src/wimax/bindings/modulegen__gcc_LP64.py:2816: Warning: exception TypeConfigurationError('direction not given',) in wrapper public: retval? ???::Deserialize (params?);
  [param('uint8_t const *', 'buffer'), param('uint32_t', 'size')])
/home/thomas/ns-allinone-3.16/ns-3.16/src/wimax/bindings/modulegen__gcc_LP64.py:2857: Warning: exception TypeConfigurationError('direction not given',) in wrapper public: retval? ???::Serialize (params?) const;
  is_const=True)
bindings/python/ns3modulegen-modular.py:27: UserWarning: exception TypeLookupError(['uint8_t [ 20 ]'],) in wrapper None
  warnings.warn("exception %r in wrapper %s" % (exception, wrapper))
bindings/python/ns3modulegen-modular.py:27: UserWarning: exception TypeConfigurationError('Either caller_owns_return or self.reference_existing_object must be given',) in wrapper None
  warnings.warn("exception %r in wrapper %s" % (exception, wrapper))
/home/thomas/ns-allinone-3.16/ns-3.16/src/wimax/bindings/modulegen__gcc_LP64.py:2984: Warning: exception TypeLookupError(['uint32_t &'],) in wrapper public: retval? ???::Diff (params?);
  is_static=True)
/home/thomas/ns-allinone-3.16/ns-3.16/src/wimax/bindings/modulegen__gcc_LP64.py:3038: Warning: exception TypeConfigurationError('direction not given',) in wrapper public: retval? ???::Read (params?);
  [param('uint8_t * const', 'data'), param('uint32_t', 'maxBytes'), param('uint32_t &', 'tsSec'), param('uint32_t &', 'tsUsec'), param('uint32_t &', 'inclLen'), param('uint32_t &', 'origLen'), param('uint32_t &', 'readLen')])
/home/thomas/ns-allinone-3.16/ns-3.16/src/wimax/bindings/modulegen__gcc_LP64.py:3042: Warning: exception TypeConfigurationError('direction not given',) in wrapper public: retval? ???::Write (params?);
  [param('uint32_t', 'tsSec'), param('uint32_t', 'tsUsec'), param('uint8_t const * const', 'data'), param('uint32_t', 'totalLen')])
/home/thomas/ns-allinone-3.16/ns-3.16/src/wimax/bindings/modulegen__gcc_LP64.py:3128: Warning: exception TypeConfigurationError('Either caller_owns_return or self.reference_existing_object must be given',) in wrapper public: retval? ???::GetSNRToBlockErrorRateRecord (params?);
  [param('double', 'SNR'), param('uint8_t', 'modulation')])
/home/thomas/ns-allinone-3.16/ns-3.16/src/wimax/bindings/modulegen__gcc_LP64.py:3159: Warning: exception TypeConfigurationError('Either caller_owns_return or self.reference_existing_object must be given',) in wrapper public: retval? ???::Copy (params?);
  [])
/home/thomas/ns-allinone-3.16/ns-3.16/src/wimax/bindings/modulegen__gcc_LP64.py:3218: Warning: exception TypeConfigurationError('Missing transfer_ownership option',) in wrapper public: retval? ???::AddServiceFlow (params?);
  [param('ns3::ServiceFlow *', 'serviceFlow')])
/home/thomas/ns-allinone-3.16/ns-3.16/src/wimax/bindings/modulegen__gcc_LP64.py:3319: Warning: exception TypeLookupError(['std::vector< ns3::ServiceFlow * >'],) in wrapper public: retval? ???::GetServiceFlows (params?) const;
  is_const=True)
/home/thomas/ns-allinone-3.16/ns-3.16/src/wimax/bindings/modulegen__gcc_LP64.py:3555: Warning: exception TypeConfigurationError('Either caller_owns_return or self.reference_existing_object must be given',) in wrapper public: retval? ???::GetRecord (params?) const;
  is_const=True)
/home/thomas/ns-allinone-3.16/ns-3.16/src/wimax/bindings/modulegen__gcc_LP64.py:3735: Warning: exception TypeConfigurationError('Missing transfer_ownership option',) in wrapper public: retval? ???::SetRecord (params?);
  [param('ns3::ServiceFlowRecord *', 'record')])
/home/thomas/ns-allinone-3.16/ns-3.16/src/wimax/bindings/modulegen__gcc_LP64.py:3995: Warning: exception TypeLookupError(['ns3::Ptr< ns3::SimulatorImpl >', 'ns3::SimulatorImpl *'],) in wrapper public: retval? ???::GetImplementation (params?);
  is_static=True)
/home/thomas/ns-allinone-3.16/ns-3.16/src/wimax/bindings/modulegen__gcc_LP64.py:4030: Warning: exception TypeLookupError(['ns3::Ptr< ns3::SimulatorImpl >', 'ns3::SimulatorImpl *'],) in wrapper public: retval? ???::SetImplementation (params?);
  is_static=True)
/home/thomas/ns-allinone-3.16/ns-3.16/src/wimax/bindings/modulegen__gcc_LP64.py:4072: Warning: exception TypeLookupError(['std::ostream &'],) in wrapper public: virtual retval? ???::Print (params?) const = 0;
  is_pure_virtual=True, is_const=True, is_virtual=True)
/home/thomas/ns-allinone-3.16/ns-3.16/src/wimax/bindings/modulegen__gcc_LP64.py:4084: Warning: exception TypeConfigurationError('direction not given',) in wrapper <pybindgen.cppmethod.CppConstructor object at 0x40075d0>
  cls.add_constructor([param('uint8_t *', 'start'), param('uint8_t *', 'end')])
/home/thomas/ns-allinone-3.16/ns-3.16/src/wimax/bindings/modulegen__gcc_LP64.py:4092: Warning: exception TypeConfigurationError('direction not given',) in wrapper public: retval? ???::Read (params?);
  [param('uint8_t *', 'buffer'), param('uint32_t', 'size')])
/home/thomas/ns-allinone-3.16/ns-3.16/src/wimax/bindings/modulegen__gcc_LP64.py:4120: Warning: exception TypeConfigurationError('direction not given',) in wrapper public: retval? ???::Write (params?);
  [param('uint8_t const *', 'buffer'), param('uint32_t', 'size')])
/home/thomas/ns-allinone-3.16/ns-3.16/src/wimax/bindings/modulegen__gcc_LP64.py:4152: Warning: exception TypeConfigurationError('Either caller_owns_return or self.reference_existing_object must be given',) in wrapper public: virtual retval? ???::Copy (params?) const = 0;
  is_pure_virtual=True, is_const=True, is_virtual=True)
/home/thomas/ns-allinone-3.16/ns-3.16/src/wimax/bindings/modulegen__gcc_LP64.py:4181: Warning: exception TypeConfigurationError('Either caller_owns_return or self.reference_existing_object must be given',) in wrapper public: virtual retval? ???::Copy (params?) const;
  is_const=True, is_virtual=True)
/home/thomas/ns-allinone-3.16/ns-3.16/src/wimax/bindings/modulegen__gcc_LP64.py:4256: Warning: exception TypeLookupError(['ns3::Callback< ns3::ObjectBase *, ns3::empty, ns3::empty, ns3::empty, ns3::empty, ns3::empty, ns3::empty, ns3::empty, ns3::empty, ns3::empty >'],) in wrapper public: retval? ???::GetConstructor (params?) const;
  is_const=True)
/home/thomas/ns-allinone-3.16/ns-3.16/src/wimax/bindings/modulegen__gcc_LP64.py:4399: Warning: exception TypeConfigurationError('Either caller_owns_return or self.reference_existing_object must be given',) in wrapper public: virtual retval? ???::Copy (params?) const;
  is_const=True, is_virtual=True)
/home/thomas/ns-allinone-3.16/ns-3.16/src/wimax/bindings/modulegen__gcc_LP64.py:4437: Warning: exception TypeConfigurationError('Either caller_owns_return or self.reference_existing_object must be given',) in wrapper public: virtual retval? ???::Copy (params?) const;
  is_const=True, is_virtual=True)
/home/thomas/ns-allinone-3.16/ns-3.16/src/wimax/bindings/modulegen__gcc_LP64.py:4475: Warning: exception TypeConfigurationError('Either caller_owns_return or self.reference_existing_object must be given',) in wrapper public: virtual retval? ???::Copy (params?) const;
  is_const=True, is_virtual=True)
/home/thomas/ns-allinone-3.16/ns-3.16/src/wimax/bindings/modulegen__gcc_LP64.py:4573: Warning: exception TypeLookupError(['__gnu_cxx::__normal_iterator< ns3::Tlv * const *, std::vector< ns3::Tlv * > >'],) in wrapper public: retval? ???::Begin (params?) const;
  is_const=True)
/home/thomas/ns-allinone-3.16/ns-3.16/src/wimax/bindings/modulegen__gcc_LP64.py:4578: Warning: exception TypeConfigurationError('Either caller_owns_return or self.reference_existing_object must be given',) in wrapper public: virtual retval? ???::Copy (params?) const = 0;
  is_pure_virtual=True, is_const=True, is_virtual=True)
/home/thomas/ns-allinone-3.16/ns-3.16/src/wimax/bindings/modulegen__gcc_LP64.py:4588: Warning: exception TypeLookupError(['__gnu_cxx::__normal_iterator< ns3::Tlv * const *, std::vector< ns3::Tlv * > >'],) in wrapper public: retval? ???::End (params?) const;
  is_const=True)
bindings/python/ns3modulegen-modular.py:27: UserWarning: exception TypeLookupError(['short unsigned int'],) in wrapper None
  warnings.warn("exception %r in wrapper %s" % (exception, wrapper))
/home/thomas/ns-allinone-3.16/ns-3.16/src/wimax/bindings/modulegen__gcc_LP64.py:4888: Warning: exception TypeLookupError(['std::ostream &'],) in wrapper public: virtual retval? ???::Print (params?) const = 0;
  is_pure_virtual=True, is_const=True, is_virtual=True)
/home/thomas/ns-allinone-3.16/ns-3.16/src/wimax/bindings/modulegen__gcc_LP64.py:4900: Warning: exception TypeConfigurationError('Either caller_owns_return or self.reference_existing_object must be given',) in wrapper public: virtual retval? ???::Copy (params?) const;
  is_const=True, is_virtual=True)
/home/thomas/ns-allinone-3.16/ns-3.16/src/wimax/bindings/modulegen__gcc_LP64.py:4917: Warning: exception TypeConfigurationError('Either caller_owns_return or self.reference_existing_object must be given',) in wrapper public: virtual retval? ???::Copy (params?) const;
  is_const=True, is_virtual=True)
/home/thomas/ns-allinone-3.16/ns-3.16/src/wimax/bindings/modulegen__gcc_LP64.py:4950: Warning: exception TypeLookupError(['std::ostream &'],) in wrapper public: virtual retval? ???::Print (params?) const = 0;
  is_pure_virtual=True, is_const=True, is_virtual=True)
/home/thomas/ns-allinone-3.16/ns-3.16/src/wimax/bindings/modulegen__gcc_LP64.py:4971: Warning: exception TypeLookupError(['__gnu_cxx::__normal_iterator< ns3::Ipv4AddressTlvValue::ipv4Addr const *, std::vector< ns3::Ipv4AddressTlvValue::ipv4Addr > >'],) in wrapper public: retval? ???::Begin (params?) const;
  is_const=True)
/home/thomas/ns-allinone-3.16/ns-3.16/src/wimax/bindings/modulegen__gcc_LP64.py:4976: Warning: exception TypeConfigurationError('Either caller_owns_return or self.reference_existing_object must be given',) in wrapper public: virtual retval? ???::Copy (params?) const;
  is_const=True, is_virtual=True)
/home/thomas/ns-allinone-3.16/ns-3.16/src/wimax/bindings/modulegen__gcc_LP64.py:4986: Warning: exception TypeLookupError(['__gnu_cxx::__normal_iterator< ns3::Ipv4AddressTlvValue::ipv4Addr const *, std::vector< ns3::Ipv4AddressTlvValue::ipv4Addr > >'],) in wrapper public: retval? ???::End (params?) const;
  is_const=True)
/home/thomas/ns-allinone-3.16/ns-3.16/src/wimax/bindings/modulegen__gcc_LP64.py:5051: Warning: exception TypeLookupError(['std::ostream &'],) in wrapper public: virtual retval? ???::Print (params?) const;
  is_const=True, is_virtual=True)
/home/thomas/ns-allinone-3.16/ns-3.16/src/wimax/bindings/modulegen__gcc_LP64.py:5104: Warning: exception TypeLookupError(['std::ostream &'],) in wrapper public: virtual retval? ???::Print (params?) const;
  is_const=True, is_virtual=True)
/home/thomas/ns-allinone-3.16/ns-3.16/src/wimax/bindings/modulegen__gcc_LP64.py:5235: Warning: exception TypeLookupError(['std::ostream &'],) in wrapper public: virtual retval? ???::Print (params?) const;
  is_const=True, is_virtual=True)
/home/thomas/ns-allinone-3.16/ns-3.16/src/wimax/bindings/modulegen__gcc_LP64.py:5334: Warning: exception TypeLookupError(['std::_List_const_iterator< ns3::Ptr< ns3::Packet > >'],) in wrapper public: retval? ???::Begin (params?) const;
  is_const=True)
/home/thomas/ns-allinone-3.16/ns-3.16/src/wimax/bindings/modulegen__gcc_LP64.py:5344: Warning: exception TypeLookupError(['std::_List_const_iterator< ns3::Ptr< ns3::Packet > >'],) in wrapper public: retval? ???::End (params?) const;
  is_const=True)
/home/thomas/ns-allinone-3.16/ns-3.16/src/wimax/bindings/modulegen__gcc_LP64.py:5417: Warning: exception TypeConfigurationError('direction not given',) in wrapper public: retval? ???::Write (params?);
  [param('ns3::Time', 't'), param('uint8_t const *', 'buffer'), param('uint32_t', 'length')])
/home/thomas/ns-allinone-3.16/ns-3.16/src/wimax/bindings/modulegen__gcc_LP64.py:5461: Warning: exception TypeLookupError(['__gnu_cxx::__normal_iterator< ns3::PortRangeTlvValue::PortRange const *, std::vector< ns3::PortRangeTlvValue::PortRange > >'],) in wrapper public: retval? ???::Begin (params?) const;
  is_const=True)
/home/thomas/ns-allinone-3.16/ns-3.16/src/wimax/bindings/modulegen__gcc_LP64.py:5466: Warning: exception TypeConfigurationError('Either caller_owns_return or self.reference_existing_object must be given',) in wrapper public: virtual retval? ???::Copy (params?) const;
  is_const=True, is_virtual=True)
/home/thomas/ns-allinone-3.16/ns-3.16/src/wimax/bindings/modulegen__gcc_LP64.py:5476: Warning: exception TypeLookupError(['__gnu_cxx::__normal_iterator< ns3::PortRangeTlvValue::PortRange const *, std::vector< ns3::PortRangeTlvValue::PortRange > >'],) in wrapper public: retval? ???::End (params?) const;
  is_const=True)
/home/thomas/ns-allinone-3.16/ns-3.16/src/wimax/bindings/modulegen__gcc_LP64.py:5543: Warning: exception TypeLookupError(['ns3::Ptr< ns3::MobilityModel >', 'ns3::MobilityModel *'],) in wrapper public: retval? ???::CalcRxPower (params?) const;
  is_const=True)
/home/thomas/ns-allinone-3.16/ns-3.16/src/wimax/bindings/modulegen__gcc_LP64.py:5552: Warning: exception TypeLookupError(['ns3::Ptr< ns3::MobilityModel >', 'ns3::MobilityModel *'],) in wrapper private: virtual retval? ???::DoCalcRxPower (params?) const = 0;
  is_pure_virtual=True, is_const=True, visibility='private', is_virtual=True)
/home/thomas/ns-allinone-3.16/ns-3.16/src/wimax/bindings/modulegen__gcc_LP64.py:5573: Warning: exception TypeLookupError(['__gnu_cxx::__normal_iterator< unsigned char const *, std::vector< unsigned char > >'],) in wrapper public: retval? ???::Begin (params?) const;
  is_const=True)
/home/thomas/ns-allinone-3.16/ns-3.16/src/wimax/bindings/modulegen__gcc_LP64.py:5578: Warning: exception TypeConfigurationError('Either caller_owns_return or self.reference_existing_object must be given',) in wrapper public: virtual retval? ???::Copy (params?) const;
  is_const=True, is_virtual=True)
/home/thomas/ns-allinone-3.16/ns-3.16/src/wimax/bindings/modulegen__gcc_LP64.py:5588: Warning: exception TypeLookupError(['__gnu_cxx::__normal_iterator< unsigned char const *, std::vector< unsigned char > >'],) in wrapper public: retval? ???::End (params?) const;
  is_const=True)
/home/thomas/ns-allinone-3.16/ns-3.16/src/wimax/bindings/modulegen__gcc_LP64.py:5613: Warning: exception TypeLookupError(['ns3::Ptr< ns3::MobilityModel >', 'ns3::MobilityModel *'],) in wrapper private: virtual retval? ???::DoCalcRxPower (params?) const;
  is_const=True, visibility='private', is_virtual=True)
/home/thomas/ns-allinone-3.16/ns-3.16/src/wimax/bindings/modulegen__gcc_LP64.py:5661: Warning: exception TypeLookupError(['ns3::RngStream *'],) in wrapper protected: retval? ???::Peek (params?) const;
  is_const=True, visibility='protected')
/home/thomas/ns-allinone-3.16/ns-3.16/src/wimax/bindings/modulegen__gcc_LP64.py:5676: Warning: exception TypeLookupError(['ns3::Ptr< ns3::MobilityModel >', 'ns3::MobilityModel *'],) in wrapper private: virtual retval? ???::DoCalcRxPower (params?) const;
  is_const=True, visibility='private', is_virtual=True)
/home/thomas/ns-allinone-3.16/ns-3.16/src/wimax/bindings/modulegen__gcc_LP64.py:5733: Warning: exception TypeLookupError(['std::ostream &'],) in wrapper public: virtual retval? ???::Print (params?) const;
  is_const=True, is_virtual=True)
/home/thomas/ns-allinone-3.16/ns-3.16/src/wimax/bindings/modulegen__gcc_LP64.py:5862: Warning: exception TypeLookupError(['std::ostream &'],) in wrapper public: virtual retval? ???::Print (params?) const;
  is_const=True, is_virtual=True)
/home/thomas/ns-allinone-3.16/ns-3.16/src/wimax/bindings/modulegen__gcc_LP64.py:5934: Warning: exception TypeConfigurationError('Either caller_owns_return or self.reference_existing_object must be given',) in wrapper public: retval? ???::CreateSSRecord (params?);
  [param('ns3::Mac48Address const &', 'macAddress')])
/home/thomas/ns-allinone-3.16/ns-3.16/src/wimax/bindings/modulegen__gcc_LP64.py:5958: Warning: exception TypeConfigurationError('Either caller_owns_return or self.reference_existing_object must be given',) in wrapper public: retval? ???::GetSSRecord (params?) const;
  is_const=True)
/home/thomas/ns-allinone-3.16/ns-3.16/src/wimax/bindings/modulegen__gcc_LP64.py:5963: Warning: exception TypeConfigurationError('Either caller_owns_return or self.reference_existing_object must be given',) in wrapper public: retval? ???::GetSSRecord (params?) const;
  is_const=True)
/home/thomas/ns-allinone-3.16/ns-3.16/src/wimax/bindings/modulegen__gcc_LP64.py:5968: Warning: exception TypeLookupError(['std::vector< ns3::SSRecord * > *'],) in wrapper public: retval? ???::GetSSRecords (params?) const;
  is_const=True)
/home/thomas/ns-allinone-3.16/ns-3.16/src/wimax/bindings/modulegen__gcc_LP64.py:6034: Warning: exception TypeConfigurationError('Missing transfer_ownership option',) in wrapper public: retval? ???::AddServiceFlow (params?);
  [param('ns3::ServiceFlow *', 'serviceFlow')])
/home/thomas/ns-allinone-3.16/ns-3.16/src/wimax/bindings/modulegen__gcc_LP64.py:6042: Warning: exception TypeLookupError(['std::vector< ns3::ServiceFlow * > *'],) in wrapper public: retval? ???::AreServiceFlowsAllocated (params?);
  [param('std::vector< ns3::ServiceFlow * > *', 'serviceFlows')])
/home/thomas/ns-allinone-3.16/ns-3.16/src/wimax/bindings/modulegen__gcc_LP64.py:6046: Warning: exception TypeLookupError(['std::vector< ns3::ServiceFlow * >'],) in wrapper public: retval? ???::AreServiceFlowsAllocated (params?);
  [param('std::vector< ns3::ServiceFlow * >', 'serviceFlows')])
/home/thomas/ns-allinone-3.16/ns-3.16/src/wimax/bindings/modulegen__gcc_LP64.py:6051: Warning: exception TypeConfigurationError('Either caller_owns_return or self.reference_existing_object must be given',) in wrapper public: retval? ???::DoClassify (params?) const;
  is_const=True)
/home/thomas/ns-allinone-3.16/ns-3.16/src/wimax/bindings/modulegen__gcc_LP64.py:6060: Warning: exception TypeConfigurationError('Either caller_owns_return or self.reference_existing_object must be given',) in wrapper public: retval? ???::GetNextServiceFlowToAllocate (params?);
  [])
/home/thomas/ns-allinone-3.16/ns-3.16/src/wimax/bindings/modulegen__gcc_LP64.py:6070: Warning: exception TypeConfigurationError('Either caller_owns_return or self.reference_existing_object must be given',) in wrapper public: retval? ???::GetServiceFlow (params?) const;
  is_const=True)
/home/thomas/ns-allinone-3.16/ns-3.16/src/wimax/bindings/modulegen__gcc_LP64.py:6075: Warning: exception TypeConfigurationError('Either caller_owns_return or self.reference_existing_object must be given',) in wrapper public: retval? ???::GetServiceFlow (params?) const;
  is_const=True)
/home/thomas/ns-allinone-3.16/ns-3.16/src/wimax/bindings/modulegen__gcc_LP64.py:6080: Warning: exception TypeLookupError(['std::vector< ns3::ServiceFlow * >'],) in wrapper public: retval? ???::GetServiceFlows (params?) const;
  is_const=True)
/home/thomas/ns-allinone-3.16/ns-3.16/src/wimax/bindings/modulegen__gcc_LP64.py:6097: Warning: exception TypeConfigurationError('Either caller_owns_return or self.reference_existing_object must be given',) in wrapper public: virtual retval? ???::Copy (params?) const;
  is_const=True, is_virtual=True)
/home/thomas/ns-allinone-3.16/ns-3.16/src/wimax/bindings/modulegen__gcc_LP64.py:6221: Warning: exception TypeConfigurationError('Missing transfer_ownership option',) in wrapper public: retval? ???::AddServiceFlow (params?);
  [param('ns3::ServiceFlow *', 'serviceFlow')])
/home/thomas/ns-allinone-3.16/ns-3.16/src/wimax/bindings/modulegen__gcc_LP64.py:6284: Warning: exception TypeLookupError(['ns3::Ptr< ns3::MobilityModel >', 'ns3::MobilityModel *'],) in wrapper private: virtual retval? ???::DoCalcRxPower (params?) const;
  is_const=True, visibility='private', is_virtual=True)
/home/thomas/ns-allinone-3.16/ns-3.16/src/wimax/bindings/modulegen__gcc_LP64.py:6464: Warning: exception TypeConfigurationError('Either caller_owns_return or self.reference_existing_object must be given',) in wrapper public: retval? ???::Copy (params?) const;
  is_const=True)
/home/thomas/ns-allinone-3.16/ns-3.16/src/wimax/bindings/modulegen__gcc_LP64.py:6469: Warning: exception TypeConfigurationError('Either caller_owns_return or self.reference_existing_object must be given',) in wrapper public: retval? ???::CopyValue (params?) const;
  is_const=True)
/home/thomas/ns-allinone-3.16/ns-3.16/src/wimax/bindings/modulegen__gcc_LP64.py:6503: Warning: exception TypeConfigurationError('Either caller_owns_return or self.reference_existing_object must be given',) in wrapper public: retval? ???::PeekValue (params?);
  [])
/home/thomas/ns-allinone-3.16/ns-3.16/src/wimax/bindings/modulegen__gcc_LP64.py:6508: Warning: exception TypeLookupError(['std::ostream &'],) in wrapper public: virtual retval? ???::Print (params?) const;
  is_const=True, is_virtual=True)
/home/thomas/ns-allinone-3.16/ns-3.16/src/wimax/bindings/modulegen__gcc_LP64.py:6568: Warning: exception TypeLookupError(['std::ostream &'],) in wrapper public: virtual retval? ???::Print (params?) const = 0;
  is_pure_virtual=True, is_const=True, is_virtual=True)
/home/thomas/ns-allinone-3.16/ns-3.16/src/wimax/bindings/modulegen__gcc_LP64.py:6666: Warning: exception TypeLookupError(['ns3::Ptr< ns3::MobilityModel >', 'ns3::MobilityModel *'],) in wrapper private: virtual retval? ???::DoCalcRxPower (params?) const;
  is_const=True, visibility='private', is_virtual=True)
/home/thomas/ns-allinone-3.16/ns-3.16/src/wimax/bindings/modulegen__gcc_LP64.py:6752: Warning: exception TypeLookupError(['std::ostream &'],) in wrapper public: virtual retval? ???::Print (params?) const;
  is_const=True, is_virtual=True)
/home/thomas/ns-allinone-3.16/ns-3.16/src/wimax/bindings/modulegen__gcc_LP64.py:6813: Warning: exception TypeConfigurationError('Either caller_owns_return or self.reference_existing_object must be given',) in wrapper public: retval? ???::GetServiceFlow (params?);
  [])
/home/thomas/ns-allinone-3.16/ns-3.16/src/wimax/bindings/modulegen__gcc_LP64.py:6821: Warning: exception TypeConfigurationError('Either caller_owns_return or self.reference_existing_object must be given',) in wrapper public: retval? ???::GetSsRecord (params?);
  [])
/home/thomas/ns-allinone-3.16/ns-3.16/src/wimax/bindings/modulegen__gcc_LP64.py:6845: Warning: exception TypeConfigurationError('Missing transfer_ownership option',) in wrapper public: retval? ???::SetServiceFlow (params?);
  [param('ns3::ServiceFlow *', 'serviceFlow')])
/home/thomas/ns-allinone-3.16/ns-3.16/src/wimax/bindings/modulegen__gcc_LP64.py:6853: Warning: exception TypeConfigurationError('Missing transfer_ownership option',) in wrapper public: retval? ???::SetSsRecord (params?);
  [param('ns3::SSRecord *', 'ssRecord')])
/home/thomas/ns-allinone-3.16/ns-3.16/src/wimax/bindings/modulegen__gcc_LP64.py:6913: Warning: exception TypeLookupError(['std::ostream &'],) in wrapper public: virtual retval? ???::Print (params?) const;
  is_const=True, is_virtual=True)
/home/thomas/ns-allinone-3.16/ns-3.16/src/wimax/bindings/modulegen__gcc_LP64.py:6978: Warning: exception TypeLookupError(['uint32_t &'],) in wrapper public: virtual retval? ???::AddUplinkAllocation (params?) = 0;
  is_pure_virtual=True, is_virtual=True)
/home/thomas/ns-allinone-3.16/ns-3.16/src/wimax/bindings/modulegen__gcc_LP64.py:6983: Warning: exception TypeLookupError(['uint32_t &'],) in wrapper public: virtual retval? ???::AllocateInitialRangingInterval (params?) = 0;
  is_pure_virtual=True, is_virtual=True)
/home/thomas/ns-allinone-3.16/ns-3.16/src/wimax/bindings/modulegen__gcc_LP64.py:7048: Warning: exception TypeConfigurationError('Missing transfer_ownership option',) in wrapper public: virtual retval? ???::OnSetRequestedBandwidth (params?) = 0;
  is_pure_virtual=True, is_virtual=True)
/home/thomas/ns-allinone-3.16/ns-3.16/src/wimax/bindings/modulegen__gcc_LP64.py:7063: Warning: exception TypeLookupError(['uint32_t &'],) in wrapper public: virtual retval? ???::ServiceBandwidthRequests (params?) = 0;
  is_pure_virtual=True, is_virtual=True)
/home/thomas/ns-allinone-3.16/ns-3.16/src/wimax/bindings/modulegen__gcc_LP64.py:7068: Warning: exception TypeConfigurationError('Missing transfer_ownership option',) in wrapper public: virtual retval? ???::ServiceBandwidthRequests (params?) = 0;
  is_pure_virtual=True, is_virtual=True)
/home/thomas/ns-allinone-3.16/ns-3.16/src/wimax/bindings/modulegen__gcc_LP64.py:7073: Warning: exception TypeLookupError(['uint32_t &'],) in wrapper public: virtual retval? ???::ServiceUnsolicitedGrants (params?) = 0;
  is_pure_virtual=True, is_virtual=True)
/home/thomas/ns-allinone-3.16/ns-3.16/src/wimax/bindings/modulegen__gcc_LP64.py:7113: Warning: exception TypeConfigurationError('Missing transfer_ownership option',) in wrapper public: virtual retval? ???::SetupServiceFlow (params?) = 0;
  is_pure_virtual=True, is_virtual=True)
/home/thomas/ns-allinone-3.16/ns-3.16/src/wimax/bindings/modulegen__gcc_LP64.py:7127: Warning: exception TypeLookupError(['uint32_t &'],) in wrapper public: virtual retval? ???::AddUplinkAllocation (params?);
  is_virtual=True)
/home/thomas/ns-allinone-3.16/ns-3.16/src/wimax/bindings/modulegen__gcc_LP64.py:7132: Warning: exception TypeLookupError(['uint32_t &'],) in wrapper public: virtual retval? ???::AllocateInitialRangingInterval (params?);
  is_virtual=True)
/home/thomas/ns-allinone-3.16/ns-3.16/src/wimax/bindings/modulegen__gcc_LP64.py:7141: Warning: exception TypeLookupError(['uint32_t &'],) in wrapper public: retval? ???::CheckDeadline (params?);
  [param('uint32_t &', 'availableSymbols')])
/home/thomas/ns-allinone-3.16/ns-3.16/src/wimax/bindings/modulegen__gcc_LP64.py:7145: Warning: exception TypeLookupError(['uint32_t &'],) in wrapper public: retval? ???::CheckMinimumBandwidth (params?);
  [param('uint32_t &', 'availableSymbols')])
/home/thomas/ns-allinone-3.16/ns-3.16/src/wimax/bindings/modulegen__gcc_LP64.py:7157: Warning: exception TypeConfigurationError('Missing transfer_ownership option',) in wrapper public: retval? ???::CreateUlJob (params?);
  [param('ns3::SSRecord *', 'ssRecord'), param('ns3::ServiceFlow::SchedulingType', 'schedType'), param('ns3::ReqType', 'reqType')])
/home/thomas/ns-allinone-3.16/ns-3.16/src/wimax/bindings/modulegen__gcc_LP64.py:7165: Warning: exception TypeConfigurationError('Missing transfer_ownership option',) in wrapper public: retval? ???::DetermineDeadline (params?);
  [param('ns3::ServiceFlow *', 'serviceFlow')])
/home/thomas/ns-allinone-3.16/ns-3.16/src/wimax/bindings/modulegen__gcc_LP64.py:7178: Warning: exception TypeConfigurationError('Missing transfer_ownership option',) in wrapper public: retval? ???::GetPendingSize (params?);
  [param('ns3::ServiceFlow *', 'serviceFlow')])
/home/thomas/ns-allinone-3.16/ns-3.16/src/wimax/bindings/modulegen__gcc_LP64.py:7198: Warning: exception TypeConfigurationError('Missing transfer_ownership option',) in wrapper public: virtual retval? ???::OnSetRequestedBandwidth (params?);
  is_virtual=True)
/home/thomas/ns-allinone-3.16/ns-3.16/src/wimax/bindings/modulegen__gcc_LP64.py:7213: Warning: exception TypeLookupError(['uint32_t &'],) in wrapper public: virtual retval? ???::ServiceBandwidthRequests (params?);
  is_virtual=True)
/home/thomas/ns-allinone-3.16/ns-3.16/src/wimax/bindings/modulegen__gcc_LP64.py:7218: Warning: exception TypeConfigurationError('Missing transfer_ownership option',) in wrapper public: virtual retval? ???::ServiceBandwidthRequests (params?);
  is_virtual=True)
/home/thomas/ns-allinone-3.16/ns-3.16/src/wimax/bindings/modulegen__gcc_LP64.py:7222: Warning: exception TypeConfigurationError('Missing transfer_ownership option',) in wrapper public: retval? ???::ServiceBandwidthRequestsBytes (params?);
  [param('ns3::ServiceFlow *', 'serviceFlow'), param('ns3::ServiceFlow::SchedulingType', 'schedulingType'), param('ns3::OfdmUlMapIe &', 'ulMapIe'), param('ns3::WimaxPhy::ModulationType const', 'modulationType'), param('uint32_t &', 'symbolsToAllocation'), param('uint32_t &', 'availableSymbols'), param('uint32_t', 'allocationSizeBytes')])
/home/thomas/ns-allinone-3.16/ns-3.16/src/wimax/bindings/modulegen__gcc_LP64.py:7227: Warning: exception TypeLookupError(['uint32_t &'],) in wrapper public: virtual retval? ???::ServiceUnsolicitedGrants (params?);
  is_virtual=True)
/home/thomas/ns-allinone-3.16/ns-3.16/src/wimax/bindings/modulegen__gcc_LP64.py:7232: Warning: exception TypeConfigurationError('Missing transfer_ownership option',) in wrapper public: virtual retval? ???::SetupServiceFlow (params?);
  is_virtual=True)
/home/thomas/ns-allinone-3.16/ns-3.16/src/wimax/bindings/modulegen__gcc_LP64.py:7250: Warning: exception TypeLookupError(['uint32_t &'],) in wrapper public: virtual retval? ???::AddUplinkAllocation (params?);
  is_virtual=True)
/home/thomas/ns-allinone-3.16/ns-3.16/src/wimax/bindings/modulegen__gcc_LP64.py:7255: Warning: exception TypeLookupError(['uint32_t &'],) in wrapper public: virtual retval? ???::AllocateInitialRangingInterval (params?);
  is_virtual=True)
/home/thomas/ns-allinone-3.16/ns-3.16/src/wimax/bindings/modulegen__gcc_LP64.py:7285: Warning: exception TypeConfigurationError('Missing transfer_ownership option',) in wrapper public: virtual retval? ???::OnSetRequestedBandwidth (params?);
  is_virtual=True)
/home/thomas/ns-allinone-3.16/ns-3.16/src/wimax/bindings/modulegen__gcc_LP64.py:7300: Warning: exception TypeLookupError(['uint32_t &'],) in wrapper public: virtual retval? ???::ServiceBandwidthRequests (params?);
  is_virtual=True)
/home/thomas/ns-allinone-3.16/ns-3.16/src/wimax/bindings/modulegen__gcc_LP64.py:7305: Warning: exception TypeConfigurationError('Missing transfer_ownership option',) in wrapper public: virtual retval? ???::ServiceBandwidthRequests (params?);
  is_virtual=True)
/home/thomas/ns-allinone-3.16/ns-3.16/src/wimax/bindings/modulegen__gcc_LP64.py:7310: Warning: exception TypeLookupError(['uint32_t &'],) in wrapper public: virtual retval? ???::ServiceUnsolicitedGrants (params?);
  is_virtual=True)
/home/thomas/ns-allinone-3.16/ns-3.16/src/wimax/bindings/modulegen__gcc_LP64.py:7315: Warning: exception TypeConfigurationError('Missing transfer_ownership option',) in wrapper public: virtual retval? ???::SetupServiceFlow (params?);
  is_virtual=True)
/home/thomas/ns-allinone-3.16/ns-3.16/src/wimax/bindings/modulegen__gcc_LP64.py:7319: Warning: exception TypeLookupError(['uint32_t &'],) in wrapper public: retval? ???::ULSchedulerRTPSConnection (params?);
  [param('uint32_t &', 'symbolsToAllocation'), param('uint32_t &', 'availableSymbols')])
/home/thomas/ns-allinone-3.16/ns-3.16/src/wimax/bindings/modulegen__gcc_LP64.py:7333: Warning: exception TypeLookupError(['uint32_t &'],) in wrapper public: virtual retval? ???::AddUplinkAllocation (params?);
  is_virtual=True)
/home/thomas/ns-allinone-3.16/ns-3.16/src/wimax/bindings/modulegen__gcc_LP64.py:7338: Warning: exception TypeLookupError(['uint32_t &'],) in wrapper public: virtual retval? ???::AllocateInitialRangingInterval (params?);
  is_virtual=True)
/home/thomas/ns-allinone-3.16/ns-3.16/src/wimax/bindings/modulegen__gcc_LP64.py:7368: Warning: exception TypeConfigurationError('Missing transfer_ownership option',) in wrapper public: virtual retval? ???::OnSetRequestedBandwidth (params?);
  is_virtual=True)
/home/thomas/ns-allinone-3.16/ns-3.16/src/wimax/bindings/modulegen__gcc_LP64.py:7383: Warning: exception TypeLookupError(['uint32_t &'],) in wrapper public: virtual retval? ???::ServiceBandwidthRequests (params?);
  is_virtual=True)
/home/thomas/ns-allinone-3.16/ns-3.16/src/wimax/bindings/modulegen__gcc_LP64.py:7388: Warning: exception TypeConfigurationError('Missing transfer_ownership option',) in wrapper public: virtual retval? ???::ServiceBandwidthRequests (params?);
  is_virtual=True)
/home/thomas/ns-allinone-3.16/ns-3.16/src/wimax/bindings/modulegen__gcc_LP64.py:7393: Warning: exception TypeLookupError(['uint32_t &'],) in wrapper public: virtual retval? ???::ServiceUnsolicitedGrants (params?);
  is_virtual=True)
/home/thomas/ns-allinone-3.16/ns-3.16/src/wimax/bindings/modulegen__gcc_LP64.py:7398: Warning: exception TypeConfigurationError('Missing transfer_ownership option',) in wrapper public: virtual retval? ???::SetupServiceFlow (params?);
  is_virtual=True)
/home/thomas/ns-allinone-3.16/ns-3.16/src/wimax/bindings/modulegen__gcc_LP64.py:7493: Warning: exception TypeConfigurationError('Either caller_owns_return or self.reference_existing_object must be given',) in wrapper public: retval? ???::GetServiceFlow (params?) const;
  is_const=True)
/home/thomas/ns-allinone-3.16/ns-3.16/src/wimax/bindings/modulegen__gcc_LP64.py:7522: Warning: exception TypeConfigurationError('Missing transfer_ownership option',) in wrapper public: retval? ???::SetServiceFlow (params?);
  [param('ns3::ServiceFlow *', 'serviceFlow')])
/home/thomas/ns-allinone-3.16/ns-3.16/src/wimax/bindings/modulegen__gcc_LP64.py:7579: Warning: exception TypeLookupError(['std::deque< ns3::WimaxMacQueue::QueueElement > &'],) in wrapper public: retval? ???::GetPacketQueue (params?) const;
  is_const=True)
/home/thomas/ns-allinone-3.16/ns-3.16/src/wimax/bindings/modulegen__gcc_LP64.py:7718: Warning: exception TypeLookupError(['std::ostream &'],) in wrapper public: virtual retval? ???::Print (params?) const;
  is_const=True, is_virtual=True)
/home/thomas/ns-allinone-3.16/ns-3.16/src/wimax/bindings/modulegen__gcc_LP64.py:7849: Warning: exception TypeLookupError(['ns3::Callback< void, ns3::Ptr< ns3::PacketBurst const >, ns3::empty, ns3::empty, ns3::empty, ns3::empty, ns3::empty, ns3::empty, ns3::empty, ns3::empty >'],) in wrapper public: retval? ???::GetReceiveCallback (params?) const;
  is_const=True)
/home/thomas/ns-allinone-3.16/ns-3.16/src/wimax/bindings/modulegen__gcc_LP64.py:7919: Warning: exception TypeConfigurationError('Missing transfer_ownership option',) in wrapper public: virtual retval? ???::Send (params?) = 0;
  is_pure_virtual=True, is_virtual=True)
/home/thomas/ns-allinone-3.16/ns-3.16/src/wimax/bindings/modulegen__gcc_LP64.py:8257: Warning: exception TypeConfigurationError('Missing transfer_ownership option',) in wrapper public: virtual retval? ???::CreateUgsBurst (params?) = 0;
  is_pure_virtual=True, is_virtual=True)
/home/thomas/ns-allinone-3.16/ns-3.16/src/wimax/bindings/modulegen__gcc_LP64.py:8267: Warning: exception TypeLookupError(['std::list< std::pair< ns3::OfdmDlMapIe *, ns3::Ptr< ns3::PacketBurst > > > *'],) in wrapper public: virtual retval? ???::GetDownlinkBursts (params?) const = 0;
  is_pure_virtual=True, is_const=True, is_virtual=True)
/home/thomas/ns-allinone-3.16/ns-3.16/src/wimax/bindings/modulegen__gcc_LP64.py:8282: Warning: exception TypeLookupError(['ns3::Ptr< ns3::WimaxConnection > &'],) in wrapper public: virtual retval? ???::SelectConnection (params?) = 0;
  is_pure_virtual=True, is_virtual=True)
/home/thomas/ns-allinone-3.16/ns-3.16/src/wimax/bindings/modulegen__gcc_LP64.py:8305: Warning: exception TypeLookupError(['uint32_t &'],) in wrapper public: retval? ???::BSSchedulerBEConnection (params?);
  [param('uint32_t &', 'availableSymbols')])
/home/thomas/ns-allinone-3.16/ns-3.16/src/wimax/bindings/modulegen__gcc_LP64.py:8309: Warning: exception TypeLookupError(['uint32_t &'],) in wrapper public: retval? ???::BSSchedulerBasicConnection (params?);
  [param('uint32_t &', 'availableSymbols')])
/home/thomas/ns-allinone-3.16/ns-3.16/src/wimax/bindings/modulegen__gcc_LP64.py:8313: Warning: exception TypeLookupError(['uint32_t &'],) in wrapper public: retval? ???::BSSchedulerBroadcastConnection (params?);
  [param('uint32_t &', 'availableSymbols')])
/home/thomas/ns-allinone-3.16/ns-3.16/src/wimax/bindings/modulegen__gcc_LP64.py:8317: Warning: exception TypeLookupError(['uint32_t &'],) in wrapper public: retval? ???::BSSchedulerInitialRangingConnection (params?);
  [param('uint32_t &', 'availableSymbols')])
/home/thomas/ns-allinone-3.16/ns-3.16/src/wimax/bindings/modulegen__gcc_LP64.py:8321: Warning: exception TypeLookupError(['uint32_t &'],) in wrapper public: retval? ???::BSSchedulerNRTPSConnection (params?);
  [param('uint32_t &', 'availableSymbols')])
/home/thomas/ns-allinone-3.16/ns-3.16/src/wimax/bindings/modulegen__gcc_LP64.py:8325: Warning: exception TypeLookupError(['uint32_t &'],) in wrapper public: retval? ???::BSSchedulerPrimaryConnection (params?);
  [param('uint32_t &', 'availableSymbols')])
/home/thomas/ns-allinone-3.16/ns-3.16/src/wimax/bindings/modulegen__gcc_LP64.py:8329: Warning: exception TypeLookupError(['uint32_t &'],) in wrapper public: retval? ???::BSSchedulerRTPSConnection (params?);
  [param('uint32_t &', 'availableSymbols')])
/home/thomas/ns-allinone-3.16/ns-3.16/src/wimax/bindings/modulegen__gcc_LP64.py:8333: Warning: exception TypeLookupError(['uint32_t &'],) in wrapper public: retval? ???::BSSchedulerUGSConnection (params?);
  [param('uint32_t &', 'availableSymbols')])
/home/thomas/ns-allinone-3.16/ns-3.16/src/wimax/bindings/modulegen__gcc_LP64.py:8338: Warning: exception TypeConfigurationError('Missing transfer_ownership option',) in wrapper public: virtual retval? ???::CreateUgsBurst (params?);
  is_virtual=True)
/home/thomas/ns-allinone-3.16/ns-3.16/src/wimax/bindings/modulegen__gcc_LP64.py:8343: Warning: exception TypeLookupError(['std::list< std::pair< ns3::OfdmDlMapIe *, ns3::Ptr< ns3::PacketBurst > > > *'],) in wrapper public: virtual retval? ???::GetDownlinkBursts (params?) const;
  is_const=True, is_virtual=True)
/home/thomas/ns-allinone-3.16/ns-3.16/src/wimax/bindings/modulegen__gcc_LP64.py:8357: Warning: exception TypeLookupError(['ns3::Ptr< ns3::WimaxConnection > &'],) in wrapper public: retval? ???::SelectBEConnection (params?);
  [param('ns3::Ptr< ns3::WimaxConnection > &', 'connection')])
/home/thomas/ns-allinone-3.16/ns-3.16/src/wimax/bindings/modulegen__gcc_LP64.py:8362: Warning: exception TypeLookupError(['ns3::Ptr< ns3::WimaxConnection > &'],) in wrapper public: virtual retval? ???::SelectConnection (params?);
  is_virtual=True)
/home/thomas/ns-allinone-3.16/ns-3.16/src/wimax/bindings/modulegen__gcc_LP64.py:8366: Warning: exception TypeLookupError(['ns3::Ptr< ns3::WimaxConnection > &'],) in wrapper public: retval? ???::SelectIRandBCConnection (params?);
  [param('ns3::Ptr< ns3::WimaxConnection > &', 'connection')])
/home/thomas/ns-allinone-3.16/ns-3.16/src/wimax/bindings/modulegen__gcc_LP64.py:8370: Warning: exception TypeLookupError(['ns3::Ptr< ns3::WimaxConnection > &'],) in wrapper public: retval? ???::SelectMenagementConnection (params?);
  [param('ns3::Ptr< ns3::WimaxConnection > &', 'connection')])
/home/thomas/ns-allinone-3.16/ns-3.16/src/wimax/bindings/modulegen__gcc_LP64.py:8374: Warning: exception TypeLookupError(['ns3::Ptr< ns3::WimaxConnection > &'],) in wrapper public: retval? ???::SelectNRTPSConnection (params?);
  [param('ns3::Ptr< ns3::WimaxConnection > &', 'connection')])
/home/thomas/ns-allinone-3.16/ns-3.16/src/wimax/bindings/modulegen__gcc_LP64.py:8378: Warning: exception TypeLookupError(['ns3::Ptr< ns3::WimaxConnection > &'],) in wrapper public: retval? ???::SelectRTPSConnection (params?);
  [param('ns3::Ptr< ns3::WimaxConnection > &', 'connection')])
/home/thomas/ns-allinone-3.16/ns-3.16/src/wimax/bindings/modulegen__gcc_LP64.py:8382: Warning: exception TypeLookupError(['ns3::Ptr< ns3::WimaxConnection > &'],) in wrapper public: retval? ???::SelectUGSConnection (params?);
  [param('ns3::Ptr< ns3::WimaxConnection > &', 'connection')])
/home/thomas/ns-allinone-3.16/ns-3.16/src/wimax/bindings/modulegen__gcc_LP64.py:8401: Warning: exception TypeConfigurationError('Missing transfer_ownership option',) in wrapper public: virtual retval? ???::CreateUgsBurst (params?);
  is_virtual=True)
/home/thomas/ns-allinone-3.16/ns-3.16/src/wimax/bindings/modulegen__gcc_LP64.py:8406: Warning: exception TypeLookupError(['std::list< std::pair< ns3::OfdmDlMapIe *, ns3::Ptr< ns3::PacketBurst > > > *'],) in wrapper public: virtual retval? ???::GetDownlinkBursts (params?) const;
  is_const=True, is_virtual=True)
/home/thomas/ns-allinone-3.16/ns-3.16/src/wimax/bindings/modulegen__gcc_LP64.py:8421: Warning: exception TypeLookupError(['ns3::Ptr< ns3::WimaxConnection > &'],) in wrapper public: virtual retval? ???::SelectConnection (params?);
  is_virtual=True)
/home/thomas/ns-allinone-3.16/ns-3.16/src/wimax/bindings/modulegen__gcc_LP64.py:8488: Warning: exception TypeLookupError(['std::ostream &'],) in wrapper public: virtual retval? ???::Print (params?) const;
  is_const=True, is_virtual=True)
/home/thomas/ns-allinone-3.16/ns-3.16/src/wimax/bindings/modulegen__gcc_LP64.py:8537: Warning: exception TypeConfigurationError('Missing transfer_ownership option',) in wrapper public: retval? ???::AddServiceFlow (params?);
  [param('ns3::ServiceFlow *', 'serviceFlow')])
/home/thomas/ns-allinone-3.16/ns-3.16/src/wimax/bindings/modulegen__gcc_LP64.py:8556: Warning: exception TypeConfigurationError('Either caller_owns_return or self.reference_existing_object must be given',) in wrapper public: retval? ???::GetServiceFlow (params?) const;
  is_const=True)
/home/thomas/ns-allinone-3.16/ns-3.16/src/wimax/bindings/modulegen__gcc_LP64.py:8561: Warning: exception TypeConfigurationError('Either caller_owns_return or self.reference_existing_object must be given',) in wrapper public: retval? ???::GetServiceFlow (params?) const;
  is_const=True)
/home/thomas/ns-allinone-3.16/ns-3.16/src/wimax/bindings/modulegen__gcc_LP64.py:8566: Warning: exception TypeLookupError(['std::vector< ns3::ServiceFlow * >'],) in wrapper public: retval? ???::GetServiceFlows (params?) const;
  is_const=True)
/home/thomas/ns-allinone-3.16/ns-3.16/src/wimax/bindings/modulegen__gcc_LP64.py:8574: Warning: exception TypeConfigurationError('Either caller_owns_return or self.reference_existing_object must be given',) in wrapper public: retval? ???::ProcessDsaReq (params?);
  [param('ns3::DsaReq const &', 'dsaReq'), param('ns3::Cid', 'cid')])
/home/thomas/ns-allinone-3.16/ns-3.16/src/wimax/bindings/modulegen__gcc_LP64.py:8667: Warning: exception TypeConfigurationError('Missing transfer_ownership option',) in wrapper public: retval? ???::AllocateManagementConnections (params?);
  [param('ns3::SSRecord *', 'ssRecord'), param('ns3::RngRsp *', 'rngrsp')])
/home/thomas/ns-allinone-3.16/ns-3.16/src/wimax/bindings/modulegen__gcc_LP64.py:8704: Warning: exception TypeConfigurationError('Missing transfer_ownership option',) in wrapper public: retval? ???::SetCidFactory (params?);
  [param('ns3::CidFactory *', 'cidFactory')])
/home/thomas/ns-allinone-3.16/ns-3.16/src/wimax/bindings/modulegen__gcc_LP64.py:8798: Warning: exception TypeLookupError(['std::ostream &'],) in wrapper public: virtual retval? ???::Print (params?) const;
  is_const=True, is_virtual=True)
/home/thomas/ns-allinone-3.16/ns-3.16/src/wimax/bindings/modulegen__gcc_LP64.py:8895: Warning: exception TypeLookupError(['std::ostream &'],) in wrapper public: virtual retval? ???::Print (params?) const;
  is_const=True, is_virtual=True)
/home/thomas/ns-allinone-3.16/ns-3.16/src/wimax/bindings/modulegen__gcc_LP64.py:8955: Warning: exception TypeLookupError(['std::ostream &'],) in wrapper public: virtual retval? ???::Print (params?) const;
  is_const=True, is_virtual=True)
/home/thomas/ns-allinone-3.16/ns-3.16/src/wimax/bindings/modulegen__gcc_LP64.py:9027: Warning: exception TypeLookupError(['std::ostream &'],) in wrapper public: virtual retval? ???::Print (params?) const;
  is_const=True, is_virtual=True)
/home/thomas/ns-allinone-3.16/ns-3.16/src/wimax/bindings/modulegen__gcc_LP64.py:9110: Warning: exception TypeLookupError(['std::ostream &'],) in wrapper public: virtual retval? ???::Print (params?) const;
  is_const=True, is_virtual=True)
/home/thomas/ns-allinone-3.16/ns-3.16/src/wimax/bindings/modulegen__gcc_LP64.py:9310: Warning: exception TypeLookupError(['ns3::Ptr< ns3::MobilityModel >', 'ns3::MobilityModel *'],) in wrapper private: virtual retval? ???::DoCalcRxPower (params?) const;
  is_const=True, visibility='private', is_virtual=True)
/home/thomas/ns-allinone-3.16/ns-3.16/src/wimax/bindings/modulegen__gcc_LP64.py:9362: Warning: exception TypeLookupError(['std::ostream &'],) in wrapper public: virtual retval? ???::Print (params?) const;
  is_const=True, is_virtual=True)
/home/thomas/ns-allinone-3.16/ns-3.16/src/wimax/bindings/modulegen__gcc_LP64.py:9421: Warning: exception TypeLookupError(['ns3::Ptr< ns3::MobilityModel >', 'ns3::MobilityModel *'],) in wrapper private: virtual retval? ???::DoCalcRxPower (params?) const;
  is_const=True, visibility='private', is_virtual=True)
/home/thomas/ns-allinone-3.16/ns-3.16/src/wimax/bindings/modulegen__gcc_LP64.py:9541: Warning: exception TypeLookupError(['std::ostream &'],) in wrapper public: virtual retval? ???::Print (params?) const;
  is_const=True, is_virtual=True)
/home/thomas/ns-allinone-3.16/ns-3.16/src/wimax/bindings/modulegen__gcc_LP64.py:9635: Warning: exception TypeLookupError(['std::ostream &'],) in wrapper public: virtual retval? ???::Print (params?) const;
  is_const=True, is_virtual=True)
/home/thomas/ns-allinone-3.16/ns-3.16/src/wimax/bindings/modulegen__gcc_LP64.py:9663: Warning: exception TypeConfigurationError('Either caller_owns_return or self.reference_existing_object must be given',) in wrapper public: retval? ???::Classify (params?);
  [param('ns3::Ptr< ns3::Packet const >', 'packet'), param('ns3::Ptr< ns3::ServiceFlowManager >', 'sfm'), param('ns3::ServiceFlow::Direction', 'dir')])
/home/thomas/ns-allinone-3.16/ns-3.16/src/wimax/bindings/modulegen__gcc_LP64.py:9856: Warning: exception TypeLookupError(['ns3::Ptr< ns3::MobilityModel >', 'ns3::MobilityModel *'],) in wrapper private: virtual retval? ???::DoCalcRxPower (params?) const;
  is_const=True, visibility='private', is_virtual=True)
/home/thomas/ns-allinone-3.16/ns-3.16/src/wimax/bindings/modulegen__gcc_LP64.py:9953: Warning: exception TypeLookupError(['ns3::Ptr< ns3::MobilityModel >', 'ns3::MobilityModel *'],) in wrapper public: retval? ???::SetLoss (params?);
  [param('ns3::Ptr< ns3::MobilityModel >', 'a'), param('ns3::Ptr< ns3::MobilityModel >', 'b'), param('double', 'loss'), param('bool', 'symmetric', default_value='true')])
/home/thomas/ns-allinone-3.16/ns-3.16/src/wimax/bindings/modulegen__gcc_LP64.py:9962: Warning: exception TypeLookupError(['ns3::Ptr< ns3::MobilityModel >', 'ns3::MobilityModel *'],) in wrapper private: virtual retval? ???::DoCalcRxPower (params?) const;
  is_const=True, visibility='private', is_virtual=True)
/home/thomas/ns-allinone-3.16/ns-3.16/src/wimax/bindings/modulegen__gcc_LP64.py:9982: Warning: exception TypeLookupError(['ns3::Ptr< ns3::MobilityModel >', 'ns3::MobilityModel *'],) in wrapper private: virtual retval? ???::DoCalcRxPower (params?) const;
  is_const=True, visibility='private', is_virtual=True)
/home/thomas/ns-allinone-3.16/ns-3.16/src/wimax/bindings/modulegen__gcc_LP64.py:10176: Warning: exception TypeLookupError(['ns3::Ptr< ns3::Application >', 'ns3::Application *'],) in wrapper public: retval? ???::AddApplication (params?);
  [param('ns3::Ptr< ns3::Application >', 'application')])
/home/thomas/ns-allinone-3.16/ns-3.16/src/wimax/bindings/modulegen__gcc_LP64.py:10190: Warning: exception TypeLookupError(['ns3::Ptr< ns3::Application >', 'ns3::Application *'],) in wrapper public: retval? ???::GetApplication (params?) const;
  is_const=True)
/home/thomas/ns-allinone-3.16/ns-3.16/src/wimax/bindings/modulegen__gcc_LP64.py:10224: Warning: exception TypeLookupError(['ns3::Callback< void, ns3::Ptr< ns3::NetDevice >, ns3::empty, ns3::empty, ns3::empty, ns3::empty, ns3::empty, ns3::empty, ns3::empty, ns3::empty >'],) in wrapper public: retval? ???::RegisterDeviceAdditionListener (params?);
  [param('ns3::Callback< void, ns3::Ptr< ns3::NetDevice >, ns3::empty, ns3::empty, ns3::empty, ns3::empty, ns3::empty, ns3::empty, ns3::empty, ns3::empty >', 'listener')])
/home/thomas/ns-allinone-3.16/ns-3.16/src/wimax/bindings/modulegen__gcc_LP64.py:10232: Warning: exception TypeLookupError(['ns3::Callback< void, ns3::Ptr< ns3::NetDevice >, ns3::empty, ns3::empty, ns3::empty, ns3::empty, ns3::empty, ns3::empty, ns3::empty, ns3::empty >'],) in wrapper public: retval? ???::UnregisterDeviceAdditionListener (params?);
  [param('ns3::Callback< void, ns3::Ptr< ns3::NetDevice >, ns3::empty, ns3::empty, ns3::empty, ns3::empty, ns3::empty, ns3::empty, ns3::empty, ns3::empty >', 'listener')])
/home/thomas/ns-allinone-3.16/ns-3.16/src/wimax/bindings/modulegen__gcc_LP64.py:10340: Warning: exception TypeLookupError(['std::ostream *'],) in wrapper <pybindgen.cppmethod.CppConstructor object at 0x587d110>
  cls.add_constructor([param('std::ostream *', 'os')])
/home/thomas/ns-allinone-3.16/ns-3.16/src/wimax/bindings/modulegen__gcc_LP64.py:10344: Warning: exception TypeLookupError(['std::ostream *'],) in wrapper public: retval? ???::GetStream (params?);
  [])
/home/thomas/ns-allinone-3.16/ns-3.16/src/wimax/bindings/modulegen__gcc_LP64.py:10356: Warning: exception TypeConfigurationError('direction not given',) in wrapper <pybindgen.cppmethod.CppConstructor object at 0x587df90>
  cls.add_constructor([param('uint8_t const *', 'buffer'), param('uint32_t', 'size'), param('bool', 'magic')])
/home/thomas/ns-allinone-3.16/ns-3.16/src/wimax/bindings/modulegen__gcc_LP64.py:10358: Warning: exception TypeConfigurationError('direction not given',) in wrapper <pybindgen.cppmethod.CppConstructor object at 0x587dfd0>
  cls.add_constructor([param('uint8_t const *', 'buffer'), param('uint32_t', 'size')])
/home/thomas/ns-allinone-3.16/ns-3.16/src/wimax/bindings/modulegen__gcc_LP64.py:10399: Warning: exception TypeConfigurationError('direction not given',) in wrapper public: retval? ???::CopyData (params?) const;
  is_const=True)
/home/thomas/ns-allinone-3.16/ns-3.16/src/wimax/bindings/modulegen__gcc_LP64.py:10404: Warning: exception TypeLookupError(['std::ostream *'],) in wrapper public: retval? ???::CopyData (params?) const;
  is_const=True)
/home/thomas/ns-allinone-3.16/ns-3.16/src/wimax/bindings/modulegen__gcc_LP64.py:10459: Warning: exception TypeLookupError(['uint8_t *'],) in wrapper public: retval? ???::PeekData (params?) const;
  deprecated=True, is_const=True)
/home/thomas/ns-allinone-3.16/ns-3.16/src/wimax/bindings/modulegen__gcc_LP64.py:10478: Warning: exception TypeLookupError(['std::ostream &'],) in wrapper public: retval? ???::Print (params?) const;
  is_const=True)
/home/thomas/ns-allinone-3.16/ns-3.16/src/wimax/bindings/modulegen__gcc_LP64.py:10483: Warning: exception TypeLookupError(['std::ostream &'],) in wrapper public: retval? ???::PrintByteTags (params?) const;
  is_const=True)
/home/thomas/ns-allinone-3.16/ns-3.16/src/wimax/bindings/modulegen__gcc_LP64.py:10488: Warning: exception TypeLookupError(['std::ostream &'],) in wrapper public: retval? ???::PrintPacketTags (params?) const;
  is_const=True)
/home/thomas/ns-allinone-3.16/ns-3.16/src/wimax/bindings/modulegen__gcc_LP64.py:10521: Warning: exception TypeConfigurationError('direction not given',) in wrapper public: retval? ???::Serialize (params?) const;
  is_const=True)
/home/thomas/ns-allinone-3.16/ns-3.16/src/wimax/bindings/modulegen__gcc_LP64.py:10649: Warning: exception TypeConfigurationError('Missing transfer_ownership option',) in wrapper public: virtual retval? ???::Send (params?);
  is_virtual=True)
/home/thomas/ns-allinone-3.16/ns-3.16/src/wimax/bindings/modulegen__gcc_LP64.py:10661: Warning: exception TypeLookupError(['ns3::Callback< void, ns3::Ptr< ns3::PacketBurst >, ns3::Ptr< ns3::WimaxConnection >, ns3::empty, ns3::empty, ns3::empty, ns3::empty, ns3::empty, ns3::empty, ns3::empty >'],) in wrapper public: retval? ???::SetReceiveCallback (params?);
  [param('ns3::Callback< void, ns3::Ptr< ns3::PacketBurst >, ns3::Ptr< ns3::WimaxConnection >, ns3::empty, ns3::empty, ns3::empty, ns3::empty, ns3::empty, ns3::empty, ns3::empty >', 'callback')])
bindings/python/ns3modulegen-modular.py:27: UserWarning: exception TypeLookupError(['ns3::TracedCallback< ns3::Ptr< ns3::Packet const >, ns3::Mac48Address const &, ns3::empty, ns3::empty, ns3::empty, ns3::empty, ns3::empty, ns3::empty >'],) in wrapper None
  warnings.warn("exception %r in wrapper %s" % (exception, wrapper))
/home/thomas/ns-allinone-3.16/ns-3.16/src/wimax/bindings/modulegen__gcc_LP64.py:11035: Warning: exception TypeLookupError(['ns3::Ptr< ns3::BurstProfileManager >', 'ns3::BurstProfileManager *'],) in wrapper public: retval? ???::GetBurstProfileManager (params?) const;
  is_const=True)
/home/thomas/ns-allinone-3.16/ns-3.16/src/wimax/bindings/modulegen__gcc_LP64.py:11039: Warning: exception TypeLookupError(['ns3::Ptr< ns3::BurstProfileManager >', 'ns3::BurstProfileManager *'],) in wrapper public: retval? ???::SetBurstProfileManager (params?);
  [param('ns3::Ptr< ns3::BurstProfileManager >', 'burstProfileManager')])
/home/thomas/ns-allinone-3.16/ns-3.16/src/wimax/bindings/modulegen__gcc_LP64.py:11044: Warning: exception TypeLookupError(['ns3::Ptr< ns3::BandwidthManager >', 'ns3::BandwidthManager *'],) in wrapper public: retval? ???::GetBandwidthManager (params?) const;
  is_const=True)
/home/thomas/ns-allinone-3.16/ns-3.16/src/wimax/bindings/modulegen__gcc_LP64.py:11048: Warning: exception TypeLookupError(['ns3::Ptr< ns3::BandwidthManager >', 'ns3::BandwidthManager *'],) in wrapper public: retval? ???::SetBandwidthManager (params?);
  [param('ns3::Ptr< ns3::BandwidthManager >', 'bandwidthManager')])
/home/thomas/ns-allinone-3.16/ns-3.16/src/wimax/bindings/modulegen__gcc_LP64.py:11213: Warning: exception TypeLookupError(['ns3::Callback< bool, ns3::Ptr< ns3::NetDevice >, ns3::Ptr< ns3::Packet const >, unsigned short, ns3::Address const &, ns3::Address const &, ns3::NetDevice::PacketType, ns3::empty, ns3::empty, ns3::empty >'],) in wrapper public: retval? ???::GetPromiscReceiveCallback (params?);
  [])
/home/thomas/ns-allinone-3.16/ns-3.16/src/wimax/bindings/modulegen__gcc_LP64.py:11457: Warning: exception TypeLookupError(['ns3::Ptr< ns3::BSLinkManager >', 'ns3::BSLinkManager *'],) in wrapper public: retval? ???::GetLinkManager (params?) const;
  is_const=True)
/home/thomas/ns-allinone-3.16/ns-3.16/src/wimax/bindings/modulegen__gcc_LP64.py:11470: Warning: exception TypeLookupError(['ns3::Ptr< ns3::BSLinkManager >', 'ns3::BSLinkManager *'],) in wrapper public: retval? ???::SetLinkManager (params?);
  [param('ns3::Ptr< ns3::BSLinkManager >', 'linkManager')])
bindings/python/ns3modulegen-modular.py:27: UserWarning: exception TypeLookupError(['ns3::Ptr< ns3::SSLinkManager >', 'ns3::SSLinkManager *'],) in wrapper None
  warnings.warn("exception %r in wrapper %s" % (exception, wrapper))
/home/thomas/ns-allinone-3.16/ns-3.16/src/wimax/bindings/modulegen__gcc_LP64.py:11763: Warning: exception TypeLookupError(['ns3::Ptr< ns3::SSScheduler >', 'ns3::SSScheduler *'],) in wrapper public: retval? ???::GetScheduler (params?) const;
  is_const=True)
/home/thomas/ns-allinone-3.16/ns-3.16/src/wimax/bindings/modulegen__gcc_LP64.py:11767: Warning: exception TypeLookupError(['ns3::Ptr< ns3::SSScheduler >', 'ns3::SSScheduler *'],) in wrapper public: retval? ???::SetScheduler (params?);
  [param('ns3::Ptr< ns3::SSScheduler >', 'ssScheduler')])
/home/thomas/ns-allinone-3.16/ns-3.16/src/wimax/bindings/modulegen__gcc_LP64.py:11795: Warning: exception TypeConfigurationError('Missing transfer_ownership option',) in wrapper public: retval? ???::AddServiceFlow (params?);
  [param('ns3::ServiceFlow *', 'sf')])
/home/thomas/ns-allinone-3.16/ns-3.16/src/wimax/bindings/modulegen__gcc_LP64.py:11826: Warning: exception TypeLookupError(['ns3::Ptr< ns3::SSLinkManager >', 'ns3::SSLinkManager *'],) in wrapper public: retval? ???::GetLinkManager (params?) const;
  is_const=True)
/home/thomas/ns-allinone-3.16/ns-3.16/src/wimax/bindings/modulegen__gcc_LP64.py:11830: Warning: exception TypeLookupError(['ns3::Ptr< ns3::SSLinkManager >', 'ns3::SSLinkManager *'],) in wrapper public: retval? ???::SetLinkManager (params?);
  [param('ns3::Ptr< ns3::SSLinkManager >', 'arg0')])
/home/thomas/ns-allinone-3.16/ns-3.16/src/wimax/bindings/modulegen__gcc_LP64.py:11862: Warning: exception TypeConfigurationError('direction not given',) in wrapper <pybindgen.function.Function object at 0x5f804d0>
  [param('uint8_t const *', 'data'), param('int', 'length')])
/home/thomas/ns-allinone-3.16/pybindgen-0.15.0.809/pybindgen/cppclass_typehandlers.py:1134: UserWarning: Returning shared pointers is dangerous!  The C++ API should be redesigned to avoid this situation.
  warnings.warn("Returning shared pointers is dangerous!"
/home/thomas/ns-allinone-3.16/ns-3.16/src/wimax/bindings/modulegen__gcc_LP64.py:11139: Warning: exception NotSupportedError('Reverse wrappers for ns3::Callback<...> types (python using callbacks defined in C++) not implemented.',) in wrapper public: virtual void ns3::WimaxNetDevice::SetLinkChangeCallback (ns3::Callback< void, ns3::empty, ns3::empty, ns3::empty, ns3::empty, ns3::empty, ns3::empty, ns3::empty, ns3::empty, ns3::empty > callback);
  is_virtual=True)
/home/thomas/ns-allinone-3.16/ns-3.16/src/wimax/bindings/modulegen__gcc_LP64.py:11194: Warning: exception NotSupportedError('Reverse wrappers for ns3::Callback<...> types (python using callbacks defined in C++) not implemented.',) in wrapper public: virtual void ns3::WimaxNetDevice::SetReceiveCallback (ns3::Callback< bool, ns3::Ptr< ns3::NetDevice >, ns3::Ptr< ns3::Packet const >, unsigned short, ns3::Address const &, ns3::empty, ns3::empty, ns3::empty, ns3::empty, ns3::empty > cb);
  is_virtual=True)
/home/thomas/ns-allinone-3.16/ns-3.16/src/wimax/bindings/modulegen__gcc_LP64.py:11199: Warning: exception NotSupportedError('Reverse wrappers for ns3::Callback<...> types (python using callbacks defined in C++) not implemented.',) in wrapper public: virtual void ns3::WimaxNetDevice::AddLinkChangeCallback (ns3::Callback< void, ns3::empty, ns3::empty, ns3::empty, ns3::empty, ns3::empty, ns3::empty, ns3::empty, ns3::empty, ns3::empty > callback);
  is_virtual=True)
/home/thomas/ns-allinone-3.16/ns-3.16/src/wimax/bindings/modulegen__gcc_LP64.py:11209: Warning: exception NotSupportedError('Reverse wrappers for ns3::Callback<...> types (python using callbacks defined in C++) not implemented.',) in wrapper public: virtual void ns3::WimaxNetDevice::SetPromiscReceiveCallback (ns3::Callback< bool, ns3::Ptr< ns3::NetDevice >, ns3::Ptr< ns3::Packet const >, unsigned short, ns3::Address const &, ns3::Address const &, ns3::NetDevice::PacketType, ns3::empty, ns3::empty, ns3::empty > cb);
  is_virtual=True)
bindings/python/ns3modulegen-modular.py:27: UserWarning: exception NotSupportedError('Reverse wrappers for ns3::Callback<...> types (python using callbacks defined in C++) not implemented.',) in wrapper public: virtual void ns3::WimaxNetDevice::SetLinkChangeCallback (ns3::Callback< void, ns3::empty, ns3::empty, ns3::empty, ns3::empty, ns3::empty, ns3::empty, ns3::empty, ns3::empty, ns3::empty > callback);
  warnings.warn("exception %r in wrapper %s" % (exception, wrapper))
bindings/python/ns3modulegen-modular.py:27: UserWarning: exception NotSupportedError('Reverse wrappers for ns3::Callback<...> types (python using callbacks defined in C++) not implemented.',) in wrapper public: virtual void ns3::WimaxNetDevice::SetPromiscReceiveCallback (ns3::Callback< bool, ns3::Ptr< ns3::NetDevice >, ns3::Ptr< ns3::Packet const >, unsigned short, ns3::Address const &, ns3::Address const &, ns3::NetDevice::PacketType, ns3::empty, ns3::empty, ns3::empty > cb);
  warnings.warn("exception %r in wrapper %s" % (exception, wrapper))
bindings/python/ns3modulegen-modular.py:27: UserWarning: exception NotSupportedError('Reverse wrappers for ns3::Callback<...> types (python using callbacks defined in C++) not implemented.',) in wrapper public: virtual void ns3::WimaxNetDevice::AddLinkChangeCallback (ns3::Callback< void, ns3::empty, ns3::empty, ns3::empty, ns3::empty, ns3::empty, ns3::empty, ns3::empty, ns3::empty, ns3::empty > callback);
  warnings.warn("exception %r in wrapper %s" % (exception, wrapper))
bindings/python/ns3modulegen-modular.py:27: UserWarning: exception NotSupportedError('Reverse wrappers for ns3::Callback<...> types (python using callbacks defined in C++) not implemented.',) in wrapper public: virtual void ns3::WimaxNetDevice::SetReceiveCallback (ns3::Callback< bool, ns3::Ptr< ns3::NetDevice >, ns3::Ptr< ns3::Packet const >, unsigned short, ns3::Address const &, ns3::empty, ns3::empty, ns3::empty, ns3::empty, ns3::empty > cb);
  warnings.warn("exception %r in wrapper %s" % (exception, wrapper))
bindings/python/ns3modulegen-modular.py:27: UserWarning: exception CodeGenerationError('ns3::DcdChannelEncodings cannot be constructed (class has pure virtual methods)',) in wrapper <pybindgen.CppClass 'ns3::DcdChannelEncodings'>
  warnings.warn("exception %r in wrapper %s" % (exception, wrapper))
bindings/python/ns3modulegen-modular.py:27: UserWarning: exception CodeGenerationError('ns3::TlvValue cannot be constructed (have pure virtual methods but no helper class)',) in wrapper <pybindgen.CppClass 'ns3::TlvValue'>
  warnings.warn("exception %r in wrapper %s" % (exception, wrapper))
bindings/python/ns3modulegen-modular.py:27: UserWarning: exception CodeGenerationError('ns3::UcdChannelEncodings cannot be constructed (class has pure virtual methods)',) in wrapper <pybindgen.CppClass 'ns3::UcdChannelEncodings'>
  warnings.warn("exception %r in wrapper %s" % (exception, wrapper))
bindings/python/ns3modulegen-modular.py:27: UserWarning: exception CodeGenerationError('ns3::VectorTlvValue cannot be constructed (have pure virtual methods but no helper class)',) in wrapper <pybindgen.CppClass 'ns3::VectorTlvValue'>
  warnings.warn("exception %r in wrapper %s" % (exception, wrapper))
bindings/python/ns3modulegen-modular.py:27: UserWarning: exception CodeGenerationError('ns3::OfdmDownlinkFramePrefix cannot be constructed (have pure virtual methods but no helper class)',) in wrapper <pybindgen.CppClass 'ns3::OfdmDownlinkFramePrefix'>
  warnings.warn("exception %r in wrapper %s" % (exception, wrapper))
bindings/python/ns3modulegen-modular.py:27: UserWarning: exception CodeGenerationError('ns3::UplinkScheduler cannot be constructed (have pure virtual methods but no helper class)',) in wrapper <pybindgen.CppClass 'ns3::UplinkScheduler'>
  warnings.warn("exception %r in wrapper %s" % (exception, wrapper))
bindings/python/ns3modulegen-modular.py:27: UserWarning: exception CodeGenerationError('ns3::WimaxPhy cannot be constructed (have pure virtual methods but no helper class)',) in wrapper <pybindgen.CppClass 'ns3::WimaxPhy'>
  warnings.warn("exception %r in wrapper %s" % (exception, wrapper))
bindings/python/ns3modulegen-modular.py:27: UserWarning: exception CodeGenerationError('ns3::BSScheduler cannot be constructed (have pure virtual methods but no helper class)',) in wrapper <pybindgen.CppClass 'ns3::BSScheduler'>
  warnings.warn("exception %r in wrapper %s" % (exception, wrapper))
bindings/python/ns3modulegen-modular.py:27: UserWarning: exception CodeGenerationError('ns3::WimaxChannel cannot be constructed (class has pure virtual methods)',) in wrapper <pybindgen.CppClass 'ns3::WimaxChannel'>
  warnings.warn("exception %r in wrapper %s" % (exception, wrapper))
/home/thomas/ns-allinone-3.16/ns-3.16/src/wimax/bindings/modulegen__gcc_LP64.py:755: Warning: exception NotSupportedError('Reverse wrappers for ns3::Callback<...> types (python using callbacks defined in C++) not implemented.',) in wrapper public: virtual void ns3::WimaxNetDevice::SetLinkChangeCallback (ns3::Callback< void, ns3::empty, ns3::empty, ns3::empty, ns3::empty, ns3::empty, ns3::empty, ns3::empty, ns3::empty, ns3::empty > callback);
  register_Ns3WimaxNetDevice_methods(root_module, root_module['ns3::WimaxNetDevice'])
/home/thomas/ns-allinone-3.16/ns-3.16/src/wimax/bindings/modulegen__gcc_LP64.py:755: Warning: exception NotSupportedError('Reverse wrappers for ns3::Callback<...> types (python using callbacks defined in C++) not implemented.',) in wrapper public: virtual void ns3::WimaxNetDevice::SetReceiveCallback (ns3::Callback< bool, ns3::Ptr< ns3::NetDevice >, ns3::Ptr< ns3::Packet const >, unsigned short, ns3::Address const &, ns3::empty, ns3::empty, ns3::empty, ns3::empty, ns3::empty > cb);
  register_Ns3WimaxNetDevice_methods(root_module, root_module['ns3::WimaxNetDevice'])
/home/thomas/ns-allinone-3.16/ns-3.16/src/wimax/bindings/modulegen__gcc_LP64.py:755: Warning: exception NotSupportedError('Reverse wrappers for ns3::Callback<...> types (python using callbacks defined in C++) not implemented.',) in wrapper public: virtual void ns3::WimaxNetDevice::AddLinkChangeCallback (ns3::Callback< void, ns3::empty, ns3::empty, ns3::empty, ns3::empty, ns3::empty, ns3::empty, ns3::empty, ns3::empty, ns3::empty > callback);
  register_Ns3WimaxNetDevice_methods(root_module, root_module['ns3::WimaxNetDevice'])
/home/thomas/ns-allinone-3.16/ns-3.16/src/wimax/bindings/modulegen__gcc_LP64.py:755: Warning: exception NotSupportedError('Reverse wrappers for ns3::Callback<...> types (python using callbacks defined in C++) not implemented.',) in wrapper public: virtual void ns3::WimaxNetDevice::SetPromiscReceiveCallback (ns3::Callback< bool, ns3::Ptr< ns3::NetDevice >, ns3::Ptr< ns3::Packet const >, unsigned short, ns3::Address const &, ns3::Address const &, ns3::NetDevice::PacketType, ns3::empty, ns3::empty, ns3::empty > cb);
  register_Ns3WimaxNetDevice_methods(root_module, root_module['ns3::WimaxNetDevice'])
